Using pre-set license
Built from '2020.3/staging' branch; Version is '2020.3.5f1 (8095aa901b9b) revision 8426922'; Using compiler version '192528614'; Build Type 'Release'
OS: 'Windows 10 Pro; OS build 19042.1237; Version 2009; 64bit' Language: 'ko' Physical Memory: 16291 MB
BatchMode: 1, IsHumanControllingUs: 0, StartBugReporterOnCrash: 0, Is64bit: 1, IsPro: 0

 COMMAND LINE ARGUMENTS:
C:\Program Files\Unity\Hub\Editor\2020.3.5f1\Editor\Unity.exe
-adb2
-batchMode
-noUpm
-name
AssetImportWorker1
-projectPath
C:/Users/hhj32/Desktop/Contests_Capston/Git_ContentsIT_Capston_Design/Project/RuleMate_Project
-logFile
Logs/AssetImportWorker1.log
-srvPort
7296
Successfully changed project path to: C:/Users/hhj32/Desktop/Contests_Capston/Git_ContentsIT_Capston_Design/Project/RuleMate_Project
C:/Users/hhj32/Desktop/Contests_Capston/Git_ContentsIT_Capston_Design/Project/RuleMate_Project
Using Asset Import Pipeline V2.
Refreshing native plugins compatible for Editor in 35.96 ms, found 0 plugins.
Preloading 0 native plugins for Editor in 0.00 ms.
Initialize engine version: 2020.3.5f1 (8095aa901b9b)
[Subsystems] Discovering subsystems at path C:/Program Files/Unity/Hub/Editor/2020.3.5f1/Editor/Data/Resources/UnitySubsystems
[Subsystems] Discovering subsystems at path C:/Users/hhj32/Desktop/Contests_Capston/Git_ContentsIT_Capston_Design/Project/RuleMate_Project/Assets
GfxDevice: creating device client; threaded=0
Direct3D:
    Version:  Direct3D 11.0 [level 11.1]
    Renderer: NVIDIA GeForce RTX 2060 (ID=0x1f08)
    Vendor:   
    VRAM:     5980 MB
    Driver:   30.0.14.7212
Initialize mono
Mono path[0] = 'C:/Program Files/Unity/Hub/Editor/2020.3.5f1/Editor/Data/Managed'
Mono path[1] = 'C:/Program Files/Unity/Hub/Editor/2020.3.5f1/Editor/Data/MonoBleedingEdge/lib/mono/unityjit'
Mono config path = 'C:/Program Files/Unity/Hub/Editor/2020.3.5f1/Editor/Data/MonoBleedingEdge/etc'
Using monoOptions --debugger-agent=transport=dt_socket,embedding=1,server=y,suspend=n,address=127.0.0.1:56048
Begin MonoManager ReloadAssembly
Registering precompiled unity dll's ...
Register platform support module: C:/Program Files/Unity/Hub/Editor/2020.3.5f1/Editor/Data/PlaybackEngines/WindowsStandaloneSupport/UnityEditor.WindowsStandalone.Extensions.dll
Registered in 0.002370 seconds.
Native extension for WindowsStandalone target not found
Refreshing native plugins compatible for Editor in 35.38 ms, found 0 plugins.
Preloading 0 native plugins for Editor in 0.00 ms.
Mono: successfully reloaded assembly
- Completed reload, in  4.354 seconds
Platform modules already initialized, skipping
Registering precompiled user dll's ...
Registered in 0.004672 seconds.
Begin MonoManager ReloadAssembly
Native extension for WindowsStandalone target not found
Refreshing native plugins compatible for Editor in 0.36 ms, found 0 plugins.
Preloading 0 native plugins for Editor in 0.00 ms.
Mono: successfully reloaded assembly
- Completed reload, in  0.860 seconds
Platform modules already initialized, skipping
========================================================================
Worker process is ready to serve import requests
Launched and connected shader compiler UnityShaderCompiler.exe after 0.09 seconds
Refreshing native plugins compatible for Editor in 0.36 ms, found 0 plugins.
Preloading 0 native plugins for Editor in 0.00 ms.
Unloading 1482 Unused Serialized files (Serialized files now loaded: 0)
System memory in use before: 106.3 MB.
System memory in use after: 95.5 MB.

Unloading 77 unused Assets to reduce memory usage. Loaded Objects now: 1864.
Total: 9.684500 ms (FindLiveObjects: 0.211300 ms CreateObjectMapping: 0.038500 ms MarkObjects: 1.382300 ms  DeleteObjects: 8.051300 ms)

========================================================================
Received Import Request.
  path: Assets/Photon/PhotonRealtime/Demos/DemoLoadBalancing/Jura-Medium-LB.ttf
  artifactKey: Guid(4a4df204c321f9c40b0dbfb1baaffb4c) Importer(815301076,1909f56bfc062723c751e8b465ee728b)
Start importing Assets/Photon/PhotonRealtime/Demos/DemoLoadBalancing/Jura-Medium-LB.ttf using Guid(4a4df204c321f9c40b0dbfb1baaffb4c) Importer(815301076,1909f56bfc062723c751e8b465ee728b)  -> (artifact id: '617a3e380bd7b053f6af1e50eadbe783') in 0.141067 seconds
  Import took 0.143981 seconds .

========================================================================
Received Import Request.
  Time since last request: 0.000214 seconds.
  path: Assets/Photon/PhotonRealtime/Demos/DemoLoadBalancing/DemoLoadBalancing-Scene.unity
  artifactKey: Guid(a73b0cac1a73cc346aaeb5f8dd0b53f1) Importer(815301076,1909f56bfc062723c751e8b465ee728b)
Start importing Assets/Photon/PhotonRealtime/Demos/DemoLoadBalancing/DemoLoadBalancing-Scene.unity using Guid(a73b0cac1a73cc346aaeb5f8dd0b53f1) Importer(815301076,1909f56bfc062723c751e8b465ee728b)  -> (artifact id: '3e719d68494503a9aa84ab1190bda415') in 0.009487 seconds
  Import took 0.012515 seconds .

========================================================================
Received Import Request.
  Time since last request: 17.259735 seconds.
  path: Assets/Photon/PhotonRealtime/Demos/DemoLoadBalancing/ConnectAndJoinRandomLb.cs
  artifactKey: Guid(72e8756202d0dfc488140c228938043b) Importer(815301076,1909f56bfc062723c751e8b465ee728b)
Start importing Assets/Photon/PhotonRealtime/Demos/DemoLoadBalancing/ConnectAndJoinRandomLb.cs using Guid(72e8756202d0dfc488140c228938043b) Importer(815301076,1909f56bfc062723c751e8b465ee728b)  -> (artifact id: 'd9a943aa73baef1ba55be52ec294a821') in 0.045216 seconds
  Import took 0.048357 seconds .

========================================================================
Received Import Request.
  Time since last request: 24.594088 seconds.
  path: Assets/Photon/PhotonUnityNetworking/Demos/DemoAsteroids/Scenes
  artifactKey: Guid(93a466838cecd764a94035c8b6f1596b) Importer(815301076,1909f56bfc062723c751e8b465ee728b)
Start importing Assets/Photon/PhotonUnityNetworking/Demos/DemoAsteroids/Scenes using Guid(93a466838cecd764a94035c8b6f1596b) Importer(815301076,1909f56bfc062723c751e8b465ee728b)  -> (artifact id: '84e3784d6de534d651dedd87ff29b1c5') in 0.008519 seconds
  Import took 0.011773 seconds .

========================================================================
Received Import Request.
  Time since last request: 1.132671 seconds.
  path: Assets/Photon/PhotonUnityNetworking/Demos/DemoAsteroids/Scenes/DemoAsteroids-GameScene.unity
  artifactKey: Guid(98efc37d6307844488eb3e4247dde7e9) Importer(815301076,1909f56bfc062723c751e8b465ee728b)
Start importing Assets/Photon/PhotonUnityNetworking/Demos/DemoAsteroids/Scenes/DemoAsteroids-GameScene.unity using Guid(98efc37d6307844488eb3e4247dde7e9) Importer(815301076,1909f56bfc062723c751e8b465ee728b)  -> (artifact id: 'c99124db7e6c86eac2aa978ed35732ac') in 0.007404 seconds
  Import took 0.009958 seconds .

========================================================================
Received Import Request.
  Time since last request: 1.837111 seconds.
  path: Assets/Photon/PhotonUnityNetworking/Demos/DemoAsteroids/Scenes/DemoAsteroids-LobbyScene.unity
  artifactKey: Guid(c8a9d1312a49dc8488a9b32d83d659c7) Importer(815301076,1909f56bfc062723c751e8b465ee728b)
Start importing Assets/Photon/PhotonUnityNetworking/Demos/DemoAsteroids/Scenes/DemoAsteroids-LobbyScene.unity using Guid(c8a9d1312a49dc8488a9b32d83d659c7) Importer(815301076,1909f56bfc062723c751e8b465ee728b)  -> (artifact id: '78bb6761ae0e29c5e9370d3639a96b1f') in 0.007667 seconds
  Import took 0.010404 seconds .

========================================================================
Received Prepare
Registering precompiled user dll's ...
Registered in 0.005036 seconds.
Begin MonoManager ReloadAssembly
Native extension for WindowsStandalone target not found
Refreshing native plugins compatible for Editor in 0.38 ms, found 0 plugins.
Preloading 0 native plugins for Editor in 0.00 ms.
Mono: successfully reloaded assembly
- Completed reload, in  0.925 seconds
Platform modules already initialized, skipping
Refreshing native plugins compatible for Editor in 0.38 ms, found 0 plugins.
Preloading 0 native plugins for Editor in 0.00 ms.
Unloading 1423 Unused Serialized files (Serialized files now loaded: 0)
System memory in use before: 104.3 MB.
System memory in use after: 93.4 MB.

Unloading 71 unused Assets to reduce memory usage. Loaded Objects now: 1912.
Total: 10.101900 ms (FindLiveObjects: 0.227100 ms CreateObjectMapping: 0.037100 ms MarkObjects: 1.474900 ms  DeleteObjects: 8.361800 ms)

========================================================================
Received Import Request.
  Time since last request: 45.797556 seconds.
  path: Assets/Photon/PhotonUnityNetworking/Demos/PhotonUnityNetworking.Demos.asmdef
  artifactKey: Guid(35cc2632df2760540bcc67312740008b) Importer(815301076,1909f56bfc062723c751e8b465ee728b)
Start importing Assets/Photon/PhotonUnityNetworking/Demos/PhotonUnityNetworking.Demos.asmdef using Guid(35cc2632df2760540bcc67312740008b) Importer(815301076,1909f56bfc062723c751e8b465ee728b)  -> (artifact id: '4d04d5911d5531eb2a5ea87a47152922') in 0.012280 seconds
  Import took 0.014977 seconds .

========================================================================
Received Import Request.
  Time since last request: 8.270684 seconds.
  path: Assets/Photon/PhotonUnityNetworking/Demos/DemoAsteroids/Scripts
  artifactKey: Guid(3ae075de96c44c449ad885c6e84ffb5c) Importer(815301076,1909f56bfc062723c751e8b465ee728b)
Start importing Assets/Photon/PhotonUnityNetworking/Demos/DemoAsteroids/Scripts using Guid(3ae075de96c44c449ad885c6e84ffb5c) Importer(815301076,1909f56bfc062723c751e8b465ee728b)  -> (artifact id: '0ec3e263cbbce1a65a74b9df4d37ebdd') in 0.006641 seconds
  Import took 0.009935 seconds .

========================================================================
Received Import Request.
  Time since last request: 1.696232 seconds.
  path: Assets/Photon/PhotonUnityNetworking/Demos/DemoAsteroids/Scripts/AsteroidsGame.cs
  artifactKey: Guid(a3a5d301bebde6547b43d377600a3e57) Importer(815301076,1909f56bfc062723c751e8b465ee728b)
Start importing Assets/Photon/PhotonUnityNetworking/Demos/DemoAsteroids/Scripts/AsteroidsGame.cs using Guid(a3a5d301bebde6547b43d377600a3e57) Importer(815301076,1909f56bfc062723c751e8b465ee728b)  -> (artifact id: '002c3be5024b5e6b308359eadc0e88e9') in 0.007213 seconds
  Import took 0.009770 seconds .

========================================================================
Received Import Request.
  Time since last request: 5.462176 seconds.
  path: Assets/Photon/PhotonUnityNetworking/Demos/DemoAsteroids/Scripts/Lobby
  artifactKey: Guid(7087de22e901cb24d91f7c256e564de6) Importer(815301076,1909f56bfc062723c751e8b465ee728b)
Start importing Assets/Photon/PhotonUnityNetworking/Demos/DemoAsteroids/Scripts/Lobby using Guid(7087de22e901cb24d91f7c256e564de6) Importer(815301076,1909f56bfc062723c751e8b465ee728b)  -> (artifact id: '804cf3bf12ccee8d6c3102ab400258cf') in 0.008629 seconds
  Import took 0.011247 seconds .

========================================================================
Received Import Request.
  Time since last request: 0.850398 seconds.
  path: Assets/Photon/PhotonUnityNetworking/Demos/DemoAsteroids/Scripts/Lobby/LobbyMainPanel.cs
  artifactKey: Guid(84fd812a67908014cb408f749ca7a55e) Importer(815301076,1909f56bfc062723c751e8b465ee728b)
Start importing Assets/Photon/PhotonUnityNetworking/Demos/DemoAsteroids/Scripts/Lobby/LobbyMainPanel.cs using Guid(84fd812a67908014cb408f749ca7a55e) Importer(815301076,1909f56bfc062723c751e8b465ee728b)  -> (artifact id: 'ee5ecae7c2258f52016bbcc80939e6c8') in 0.007242 seconds
  Import took 0.010200 seconds .

========================================================================
Received Import Request.
  Time since last request: 0.022946 seconds.
  path: Assets/Photon/PhotonUnityNetworking/Demos/DemoAsteroids/Scripts/Lobby/LobbyMainPanel.cs
  artifactKey: Guid(84fd812a67908014cb408f749ca7a55e) Importer(815301076,1909f56bfc062723c751e8b465ee728b)
Start importing Assets/Photon/PhotonUnityNetworking/Demos/DemoAsteroids/Scripts/Lobby/LobbyMainPanel.cs using Guid(84fd812a67908014cb408f749ca7a55e) Importer(815301076,1909f56bfc062723c751e8b465ee728b)  -> (artifact id: 'ee5ecae7c2258f52016bbcc80939e6c8') in 0.002741 seconds
  Import took 0.005239 seconds .

========================================================================
Received Import Request.
  Time since last request: 22.041843 seconds.
  path: Assets/Photon/PhotonUnityNetworking/Demos/DemoAsteroids/Scripts/Lobby/LobbyTopPanel.cs
  artifactKey: Guid(fe0a55ef565e3984f8866c5c91e3c2fd) Importer(815301076,1909f56bfc062723c751e8b465ee728b)
Start importing Assets/Photon/PhotonUnityNetworking/Demos/DemoAsteroids/Scripts/Lobby/LobbyTopPanel.cs using Guid(fe0a55ef565e3984f8866c5c91e3c2fd) Importer(815301076,1909f56bfc062723c751e8b465ee728b)  -> (artifact id: 'ba20b4552ea4c7bab33847ca1630ee9a') in 0.006893 seconds
  Import took 0.010093 seconds .

========================================================================
Received Import Request.
  Time since last request: 1.198157 seconds.
  path: Assets/Photon/PhotonUnityNetworking/Demos/DemoAsteroids/Scripts/Lobby/PlayerListEntry.cs
  artifactKey: Guid(6b92420fa27b32d43a6a35af7781c5d8) Importer(815301076,1909f56bfc062723c751e8b465ee728b)
Start importing Assets/Photon/PhotonUnityNetworking/Demos/DemoAsteroids/Scripts/Lobby/PlayerListEntry.cs using Guid(6b92420fa27b32d43a6a35af7781c5d8) Importer(815301076,1909f56bfc062723c751e8b465ee728b)  -> (artifact id: 'f2112e46c16a9382bae88f6048019d6e') in 0.006950 seconds
  Import took 0.009798 seconds .

========================================================================
Received Import Request.
  Time since last request: 0.683986 seconds.
  path: Assets/Photon/PhotonUnityNetworking/Demos/DemoAsteroids/Scripts/Lobby/RoomListEntry.cs
  artifactKey: Guid(40b744eae97c5fa47879a477d0f0b667) Importer(815301076,1909f56bfc062723c751e8b465ee728b)
Start importing Assets/Photon/PhotonUnityNetworking/Demos/DemoAsteroids/Scripts/Lobby/RoomListEntry.cs using Guid(40b744eae97c5fa47879a477d0f0b667) Importer(815301076,1909f56bfc062723c751e8b465ee728b)  -> (artifact id: 'fdf653113a427f69be7a9daf570172b1') in 0.006998 seconds
  Import took 0.009523 seconds .

========================================================================
Received Import Request.
  Time since last request: 64.614857 seconds.
  path: Assets/Photon/PhotonUnityNetworking/Demos/DemoAsteroids/Scripts/Game
  artifactKey: Guid(8d3277e3b6ea2fa4885437f70ca2497c) Importer(815301076,1909f56bfc062723c751e8b465ee728b)
Start importing Assets/Photon/PhotonUnityNetworking/Demos/DemoAsteroids/Scripts/Game using Guid(8d3277e3b6ea2fa4885437f70ca2497c) Importer(815301076,1909f56bfc062723c751e8b465ee728b)  -> (artifact id: 'c948746c064432a02ecd3608de4e8536') in 0.007074 seconds
  Import took 0.009569 seconds .

========================================================================
Received Import Request.
  Time since last request: 1.355991 seconds.
  path: Assets/Photon/PhotonUnityNetworking/Demos/DemoAsteroids/Scripts/Game/Asteroid.cs
  artifactKey: Guid(c852cc8bbc743374083cab6f7df68bb7) Importer(815301076,1909f56bfc062723c751e8b465ee728b)
Start importing Assets/Photon/PhotonUnityNetworking/Demos/DemoAsteroids/Scripts/Game/Asteroid.cs using Guid(c852cc8bbc743374083cab6f7df68bb7) Importer(815301076,1909f56bfc062723c751e8b465ee728b)  -> (artifact id: '4f3eff73c6a68e66b5bde73b40cb3136') in 0.006545 seconds
  Import took 0.010879 seconds .

========================================================================
Received Import Request.
  Time since last request: 12.979714 seconds.
  path: Assets/Photon/PhotonUnityNetworking/Demos/DemoAsteroids/Scripts/Game/AsteroidsGameManager.cs
  artifactKey: Guid(86aba39379844aa428b0d3c0a3d92534) Importer(815301076,1909f56bfc062723c751e8b465ee728b)
Start importing Assets/Photon/PhotonUnityNetworking/Demos/DemoAsteroids/Scripts/Game/AsteroidsGameManager.cs using Guid(86aba39379844aa428b0d3c0a3d92534) Importer(815301076,1909f56bfc062723c751e8b465ee728b)  -> (artifact id: '65f2c01052579ae28f230f218f040ef1') in 0.006920 seconds
  Import took 0.010014 seconds .

========================================================================
Received Import Request.
  Time since last request: 116.141605 seconds.
  path: Assets/Photon/PhotonUnityNetworking/Demos/DemoAsteroids/Scripts/Game/Bullet.cs
  artifactKey: Guid(6321a7d9112988841b7223ac6a925bfc) Importer(815301076,1909f56bfc062723c751e8b465ee728b)
Start importing Assets/Photon/PhotonUnityNetworking/Demos/DemoAsteroids/Scripts/Game/Bullet.cs using Guid(6321a7d9112988841b7223ac6a925bfc) Importer(815301076,1909f56bfc062723c751e8b465ee728b)  -> (artifact id: 'a27e535c78e017ecdc1af8975096ed08') in 0.006971 seconds
  Import took 0.009746 seconds .

========================================================================
Received Import Request.
  Time since last request: 6.595935 seconds.
  path: Assets/Photon/PhotonUnityNetworking/Demos/DemoAsteroids/Scripts/Game/PlayerOverviewPanel.cs
  artifactKey: Guid(b579f4077cd5953489882224d803b137) Importer(815301076,1909f56bfc062723c751e8b465ee728b)
Start importing Assets/Photon/PhotonUnityNetworking/Demos/DemoAsteroids/Scripts/Game/PlayerOverviewPanel.cs using Guid(b579f4077cd5953489882224d803b137) Importer(815301076,1909f56bfc062723c751e8b465ee728b)  -> (artifact id: '23b2c69a24d96127d032619bddd1e61b') in 0.007391 seconds
  Import took 0.010163 seconds .

========================================================================
Received Import Request.
  Time since last request: 7.590472 seconds.
  path: Assets/Photon/PhotonUnityNetworking/Demos/DemoAsteroids/Scripts/Game/Spaceship.cs
  artifactKey: Guid(c565458f43b8ad4469a2ca341c210318) Importer(815301076,1909f56bfc062723c751e8b465ee728b)
Start importing Assets/Photon/PhotonUnityNetworking/Demos/DemoAsteroids/Scripts/Game/Spaceship.cs using Guid(c565458f43b8ad4469a2ca341c210318) Importer(815301076,1909f56bfc062723c751e8b465ee728b)  -> (artifact id: '143491dcc258b30e554edea6a88d169e') in 0.007051 seconds
  Import took 0.010056 seconds .

========================================================================
Received Import Request.
  Time since last request: 448.145157 seconds.
  path: Assets/Scenes/MultiMainGameTest.unity
  artifactKey: Guid(0f1c9f1c84e7b024abf297b5ded75a23) Importer(815301076,1909f56bfc062723c751e8b465ee728b)
Start importing Assets/Scenes/MultiMainGameTest.unity using Guid(0f1c9f1c84e7b024abf297b5ded75a23) Importer(815301076,1909f56bfc062723c751e8b465ee728b)  -> (artifact id: 'facadd7accd3d9b8248344399ef90788') in 0.018730 seconds
  Import took 0.021669 seconds .

========================================================================
Received Import Request.
  Time since last request: 7.746222 seconds.
  path: Assets/Photon/PhotonUnityNetworking/Demos/DemoAsteroids/Resources/BigAsteroid.prefab
  artifactKey: Guid(15f43343ba0a60e47a63d28496373c3f) Importer(815301076,1909f56bfc062723c751e8b465ee728b)
Start importing Assets/Photon/PhotonUnityNetworking/Demos/DemoAsteroids/Resources/BigAsteroid.prefab using Guid(15f43343ba0a60e47a63d28496373c3f) Importer(815301076,1909f56bfc062723c751e8b465ee728b)  -> (artifact id: '42312e5c260cfee605318fffda6ea721') in 0.062777 seconds
  Import took 0.065494 seconds .

========================================================================
Received Import Request.
  Time since last request: 0.000195 seconds.
  path: Assets/Photon/PhotonUnityNetworking/Demos/DemoAsteroids/Resources/SmallAsteroid.prefab
  artifactKey: Guid(18a79aea49b60d342b7a672b7a34edbe) Importer(815301076,1909f56bfc062723c751e8b465ee728b)
Start importing Assets/Photon/PhotonUnityNetworking/Demos/DemoAsteroids/Resources/SmallAsteroid.prefab using Guid(18a79aea49b60d342b7a672b7a34edbe) Importer(815301076,1909f56bfc062723c751e8b465ee728b)  -> (artifact id: 'e3fca35f486d67ccf4536fb393a69da4') in 0.014235 seconds
  Import took 0.016564 seconds .

========================================================================
Received Import Request.
  Time since last request: 0.000194 seconds.
  path: Assets/Photon/PhotonUnityNetworking/Demos/DemoAsteroids/Resources/Spaceship.prefab
  artifactKey: Guid(775dd0a15ad25a544b33ad40ef0da1f0) Importer(815301076,1909f56bfc062723c751e8b465ee728b)
Start importing Assets/Photon/PhotonUnityNetworking/Demos/DemoAsteroids/Resources/Spaceship.prefab using Guid(775dd0a15ad25a544b33ad40ef0da1f0) Importer(815301076,1909f56bfc062723c751e8b465ee728b)  -> (artifact id: 'e15702d2431165552227889565da8dd5') in 0.031113 seconds
  Import took 0.033988 seconds .

========================================================================
Received Import Request.
  Time since last request: 75.431560 seconds.
  path: Assets/Resources/TestPlayer1.prefab
  artifactKey: Guid(9b75046a611d62943bf4946c51ecd1ee) Importer(815301076,1909f56bfc062723c751e8b465ee728b)
Start importing Assets/Resources/TestPlayer1.prefab using Guid(9b75046a611d62943bf4946c51ecd1ee) Importer(815301076,1909f56bfc062723c751e8b465ee728b)  -> (artifact id: '2e8a7e41e10c0d450387efa9afe8d4b9') in 0.112606 seconds
  Import took 0.116593 seconds .

========================================================================
Received Import Request.
  Time since last request: 17.878416 seconds.
  path: Assets/Scripts/MultiPlayerTest.cs
  artifactKey: Guid(1f480bbcf02c4bc41aa05b759bdf45a9) Importer(815301076,1909f56bfc062723c751e8b465ee728b)
Start importing Assets/Scripts/MultiPlayerTest.cs using Guid(1f480bbcf02c4bc41aa05b759bdf45a9) Importer(815301076,1909f56bfc062723c751e8b465ee728b)  -> (artifact id: 'c3363aacff593ea1f0bfcd25f23133c2') in 0.008230 seconds
  Import took 0.012371 seconds .

========================================================================
Received Prepare
Registering precompiled user dll's ...
Registered in 0.005539 seconds.
Begin MonoManager ReloadAssembly
Native extension for WindowsStandalone target not found
Refreshing native plugins compatible for Editor in 0.38 ms, found 0 plugins.
Preloading 0 native plugins for Editor in 0.00 ms.
Mono: successfully reloaded assembly
- Completed reload, in  0.853 seconds
Platform modules already initialized, skipping
Refreshing native plugins compatible for Editor in 0.38 ms, found 0 plugins.
Preloading 0 native plugins for Editor in 0.00 ms.
Unloading 1424 Unused Serialized files (Serialized files now loaded: 0)
System memory in use before: 118.4 MB.
System memory in use after: 107.7 MB.

Unloading 73 unused Assets to reduce memory usage. Loaded Objects now: 1922.
Total: 10.126100 ms (FindLiveObjects: 0.326600 ms CreateObjectMapping: 0.053000 ms MarkObjects: 1.445000 ms  DeleteObjects: 8.299800 ms)

========================================================================
Received Import Request.
  Time since last request: 16.058571 seconds.
  path: Assets/Scripts/LobbyManager.cs
  artifactKey: Guid(a05ad15b4d6796c4eb894591836ff5bb) Importer(815301076,1909f56bfc062723c751e8b465ee728b)
Start importing Assets/Scripts/LobbyManager.cs using Guid(a05ad15b4d6796c4eb894591836ff5bb) Importer(815301076,1909f56bfc062723c751e8b465ee728b)  -> (artifact id: 'acd3b017346c6cfce449e877fe0eb7ba') in 0.009664 seconds
  Import took 0.012346 seconds .

========================================================================
Received Import Request.
  Time since last request: 0.022562 seconds.
  path: Assets/Scripts/LobbyManager.cs
  artifactKey: Guid(a05ad15b4d6796c4eb894591836ff5bb) Importer(815301076,1909f56bfc062723c751e8b465ee728b)
Start importing Assets/Scripts/LobbyManager.cs using Guid(a05ad15b4d6796c4eb894591836ff5bb) Importer(815301076,1909f56bfc062723c751e8b465ee728b)  -> (artifact id: 'acd3b017346c6cfce449e877fe0eb7ba') in 0.003348 seconds
  Import took 0.005867 seconds .

========================================================================
Received Import Request.
  Time since last request: 2.989405 seconds.
  path: Assets/Scripts/Player01.cs
  artifactKey: Guid(25d7e6a8a7b85a149a09459ec41ae9a2) Importer(815301076,1909f56bfc062723c751e8b465ee728b)
Start importing Assets/Scripts/Player01.cs using Guid(25d7e6a8a7b85a149a09459ec41ae9a2) Importer(815301076,1909f56bfc062723c751e8b465ee728b)  -> (artifact id: '397c09d77c9fc72a6dd912e84f80bcf8') in 0.006815 seconds
  Import took 0.009531 seconds .

========================================================================
Received Import Request.
  Time since last request: 0.461701 seconds.
  path: Assets/Scripts/Player02.cs
  artifactKey: Guid(e4f0f3f45f0a02e4f97d646c780340f1) Importer(815301076,1909f56bfc062723c751e8b465ee728b)
Start importing Assets/Scripts/Player02.cs using Guid(e4f0f3f45f0a02e4f97d646c780340f1) Importer(815301076,1909f56bfc062723c751e8b465ee728b)  -> (artifact id: '51c67d555ade4731117d79af38abbeb3') in 0.007000 seconds
  Import took 0.009659 seconds .

========================================================================
Received Import Request.
  Time since last request: 0.000529 seconds.
  path: Assets/Scripts/Player02.cs
  artifactKey: Guid(e4f0f3f45f0a02e4f97d646c780340f1) Importer(815301076,1909f56bfc062723c751e8b465ee728b)
Start importing Assets/Scripts/Player02.cs using Guid(e4f0f3f45f0a02e4f97d646c780340f1) Importer(815301076,1909f56bfc062723c751e8b465ee728b)  -> (artifact id: '51c67d555ade4731117d79af38abbeb3') in 0.003416 seconds
  Import took 0.005793 seconds .

========================================================================
Received Import Request.
  Time since last request: 1.071204 seconds.
  path: Assets/Scripts/PlayerManager.cs
  artifactKey: Guid(dc3ca3acc7ed4174b878d7acfbe49472) Importer(815301076,1909f56bfc062723c751e8b465ee728b)
Start importing Assets/Scripts/PlayerManager.cs using Guid(dc3ca3acc7ed4174b878d7acfbe49472) Importer(815301076,1909f56bfc062723c751e8b465ee728b)  -> (artifact id: '02773a77d6a4a3dde841d0f7eb5a1795') in 0.007115 seconds
  Import took 0.010188 seconds .

========================================================================
Received Prepare
Registering precompiled user dll's ...
Registered in 0.004538 seconds.
Begin MonoManager ReloadAssembly
Native extension for WindowsStandalone target not found
Refreshing native plugins compatible for Editor in 0.43 ms, found 0 plugins.
Preloading 0 native plugins for Editor in 0.00 ms.
Mono: successfully reloaded assembly
- Completed reload, in  0.820 seconds
Platform modules already initialized, skipping
Refreshing native plugins compatible for Editor in 0.38 ms, found 0 plugins.
Preloading 0 native plugins for Editor in 0.00 ms.
Unloading 1424 Unused Serialized files (Serialized files now loaded: 0)
System memory in use before: 118.7 MB.
System memory in use after: 107.7 MB.

Unloading 71 unused Assets to reduce memory usage. Loaded Objects now: 1926.
Total: 11.659700 ms (FindLiveObjects: 0.355400 ms CreateObjectMapping: 0.057600 ms MarkObjects: 1.734000 ms  DeleteObjects: 9.511100 ms)

========================================================================
Received Prepare
Registering precompiled user dll's ...
Registered in 0.005219 seconds.
Begin MonoManager ReloadAssembly
Native extension for WindowsStandalone target not found
Refreshing native plugins compatible for Editor in 0.41 ms, found 0 plugins.
Preloading 0 native plugins for Editor in 0.00 ms.
Mono: successfully reloaded assembly
- Completed reload, in  0.802 seconds
Platform modules already initialized, skipping
Refreshing native plugins compatible for Editor in 0.37 ms, found 0 plugins.
Preloading 0 native plugins for Editor in 0.00 ms.
Unloading 1424 Unused Serialized files (Serialized files now loaded: 0)
System memory in use before: 118.5 MB.
System memory in use after: 107.7 MB.

Unloading 71 unused Assets to reduce memory usage. Loaded Objects now: 1930.
Total: 11.079200 ms (FindLiveObjects: 0.198500 ms CreateObjectMapping: 0.041200 ms MarkObjects: 1.424500 ms  DeleteObjects: 9.413200 ms)

========================================================================
Received Import Request.
  Time since last request: 190.931972 seconds.
  path: Assets/Resources/TestPlayer2.prefab
  artifactKey: Guid(f488506717c758f44b6b1f6b4fb21bda) Importer(815301076,1909f56bfc062723c751e8b465ee728b)
Start importing Assets/Resources/TestPlayer2.prefab using Guid(f488506717c758f44b6b1f6b4fb21bda) Importer(815301076,1909f56bfc062723c751e8b465ee728b)  -> (artifact id: '00000000000000000000000000000000') in 0.088771 seconds
  ERROR: Build asset version error: assets/resources/testplayer2.prefab in SourceAssetDB has modification time of '2021-10-10T00:46:50.6959142Z' while content on disk has modification time of '2021-10-10T00:46:50.9000998Z'
  Import took 0.093188 seconds .

========================================================================
Received Import Request.
  Time since last request: 0.057441 seconds.
  path: Assets/Resources/TestPlayer2.prefab
  artifactKey: Guid(f488506717c758f44b6b1f6b4fb21bda) Importer(815301076,1909f56bfc062723c751e8b465ee728b)
Start importing Assets/Resources/TestPlayer2.prefab using Guid(f488506717c758f44b6b1f6b4fb21bda) Importer(815301076,1909f56bfc062723c751e8b465ee728b)  -> (artifact id: '81be6ed92d2dd6fcb4a9c8e96d72b758') in 0.043599 seconds
  Import took 0.047732 seconds .

========================================================================
Received Import Request.
  Time since last request: 0.016332 seconds.
  path: Assets/Resources/TestPlayer2.prefab
  artifactKey: Guid(f488506717c758f44b6b1f6b4fb21bda) Importer(815301076,1909f56bfc062723c751e8b465ee728b)
Start importing Assets/Resources/TestPlayer2.prefab using Guid(f488506717c758f44b6b1f6b4fb21bda) Importer(815301076,1909f56bfc062723c751e8b465ee728b)  -> (artifact id: '81be6ed92d2dd6fcb4a9c8e96d72b758') in 0.036973 seconds
  Import took 0.041522 seconds .

========================================================================
Received Import Request.
  Time since last request: 17.421639 seconds.
  path: Assets/Scenes/MainMenuScene.unity
  artifactKey: Guid(65b7493b3a31cb5488ea8d3d29065a51) Importer(815301076,1909f56bfc062723c751e8b465ee728b)
Start importing Assets/Scenes/MainMenuScene.unity using Guid(65b7493b3a31cb5488ea8d3d29065a51) Importer(815301076,1909f56bfc062723c751e8b465ee728b)  -> (artifact id: '14cc3cca4fe802c6c742ad94b8b5ec33') in 0.007324 seconds
  Import took 0.009975 seconds .

========================================================================
Received Prepare
Registering precompiled user dll's ...
Registered in 0.005082 seconds.
Begin MonoManager ReloadAssembly
Native extension for WindowsStandalone target not found
Refreshing native plugins compatible for Editor in 0.37 ms, found 0 plugins.
Preloading 0 native plugins for Editor in 0.00 ms.
Mono: successfully reloaded assembly
- Completed reload, in  0.797 seconds
Platform modules already initialized, skipping
Refreshing native plugins compatible for Editor in 0.37 ms, found 0 plugins.
Preloading 0 native plugins for Editor in 0.00 ms.
Unloading 1424 Unused Serialized files (Serialized files now loaded: 0)
System memory in use before: 118.6 MB.
System memory in use after: 107.8 MB.

Unloading 71 unused Assets to reduce memory usage. Loaded Objects now: 1935.
Total: 10.201900 ms (FindLiveObjects: 0.225100 ms CreateObjectMapping: 0.039400 ms MarkObjects: 1.403900 ms  DeleteObjects: 8.532200 ms)

========================================================================
Received Prepare
Registering precompiled user dll's ...
Registered in 0.005261 seconds.
Begin MonoManager ReloadAssembly
Native extension for WindowsStandalone target not found
Refreshing native plugins compatible for Editor in 0.36 ms, found 0 plugins.
Preloading 0 native plugins for Editor in 0.00 ms.
Mono: successfully reloaded assembly
- Completed reload, in  0.787 seconds
Platform modules already initialized, skipping
Refreshing native plugins compatible for Editor in 0.37 ms, found 0 plugins.
Preloading 0 native plugins for Editor in 0.00 ms.
Unloading 1424 Unused Serialized files (Serialized files now loaded: 0)
System memory in use before: 118.4 MB.
System memory in use after: 107.8 MB.

Unloading 71 unused Assets to reduce memory usage. Loaded Objects now: 1939.
Total: 11.263600 ms (FindLiveObjects: 0.245200 ms CreateObjectMapping: 0.041000 ms MarkObjects: 1.419300 ms  DeleteObjects: 9.556900 ms)

========================================================================
Received Prepare
Registering precompiled user dll's ...
Registered in 0.005267 seconds.
Begin MonoManager ReloadAssembly
Native extension for WindowsStandalone target not found
Refreshing native plugins compatible for Editor in 0.39 ms, found 0 plugins.
Preloading 0 native plugins for Editor in 0.00 ms.
Mono: successfully reloaded assembly
- Completed reload, in  0.788 seconds
Platform modules already initialized, skipping
Refreshing native plugins compatible for Editor in 0.38 ms, found 0 plugins.
Preloading 0 native plugins for Editor in 0.00 ms.
Unloading 1424 Unused Serialized files (Serialized files now loaded: 0)
System memory in use before: 118.6 MB.
System memory in use after: 107.8 MB.

Unloading 71 unused Assets to reduce memory usage. Loaded Objects now: 1943.
Total: 10.102600 ms (FindLiveObjects: 0.160300 ms CreateObjectMapping: 0.037400 ms MarkObjects: 1.384800 ms  DeleteObjects: 8.518900 ms)

========================================================================
Received Prepare
Refreshing native plugins compatible for Editor in 3.20 ms, found 0 plugins.
Preloading 0 native plugins for Editor in 0.00 ms.
Unloading 69 Unused Serialized files (Serialized files now loaded: 0)
System memory in use before: 91.1 MB.
System memory in use after: 80.5 MB.

Unloading 69 unused Assets to reduce memory usage. Loaded Objects now: 1943.
Total: 11.857900 ms (FindLiveObjects: 0.305400 ms CreateObjectMapping: 0.051500 ms MarkObjects: 1.605500 ms  DeleteObjects: 9.894200 ms)

========================================================================
Received Prepare
Registering precompiled user dll's ...
Registered in 0.006298 seconds.
Begin MonoManager ReloadAssembly
Native extension for WindowsStandalone target not found
Refreshing native plugins compatible for Editor in 0.41 ms, found 0 plugins.
Preloading 0 native plugins for Editor in 0.00 ms.
Mono: successfully reloaded assembly
- Completed reload, in  0.884 seconds
Platform modules already initialized, skipping
Refreshing native plugins compatible for Editor in 0.37 ms, found 0 plugins.
Preloading 0 native plugins for Editor in 0.00 ms.
Unloading 1424 Unused Serialized files (Serialized files now loaded: 0)
System memory in use before: 118.5 MB.
System memory in use after: 107.8 MB.

Unloading 71 unused Assets to reduce memory usage. Loaded Objects now: 1947.
Total: 11.689700 ms (FindLiveObjects: 0.236100 ms CreateObjectMapping: 0.037800 ms MarkObjects: 1.445500 ms  DeleteObjects: 9.968800 ms)

========================================================================
Received Prepare
Registering precompiled user dll's ...
Registered in 0.005938 seconds.
Begin MonoManager ReloadAssembly
Native extension for WindowsStandalone target not found
Refreshing native plugins compatible for Editor in 0.37 ms, found 0 plugins.
Preloading 0 native plugins for Editor in 0.00 ms.
Mono: successfully reloaded assembly
- Completed reload, in  0.873 seconds
Platform modules already initialized, skipping
Refreshing native plugins compatible for Editor in 0.40 ms, found 0 plugins.
Preloading 0 native plugins for Editor in 0.00 ms.
Unloading 1424 Unused Serialized files (Serialized files now loaded: 0)
System memory in use before: 118.5 MB.
System memory in use after: 107.8 MB.

Unloading 71 unused Assets to reduce memory usage. Loaded Objects now: 1951.
Total: 12.514000 ms (FindLiveObjects: 0.313500 ms CreateObjectMapping: 0.052700 ms MarkObjects: 1.956300 ms  DeleteObjects: 10.189900 ms)

========================================================================
Received Prepare
Registering precompiled user dll's ...
Registered in 0.005589 seconds.
Begin MonoManager ReloadAssembly
Native extension for WindowsStandalone target not found
Refreshing native plugins compatible for Editor in 0.37 ms, found 0 plugins.
Preloading 0 native plugins for Editor in 0.00 ms.
Mono: successfully reloaded assembly
- Completed reload, in  0.786 seconds
Platform modules already initialized, skipping
Refreshing native plugins compatible for Editor in 0.37 ms, found 0 plugins.
Preloading 0 native plugins for Editor in 0.00 ms.
Unloading 1424 Unused Serialized files (Serialized files now loaded: 0)
System memory in use before: 118.7 MB.
System memory in use after: 107.8 MB.

Unloading 71 unused Assets to reduce memory usage. Loaded Objects now: 1955.
Total: 11.157300 ms (FindLiveObjects: 0.201900 ms CreateObjectMapping: 0.037500 ms MarkObjects: 1.444600 ms  DeleteObjects: 9.472000 ms)

========================================================================
Received Prepare
Refreshing native plugins compatible for Editor in 3.13 ms, found 0 plugins.
Preloading 0 native plugins for Editor in 0.00 ms.
Unloading 69 Unused Serialized files (Serialized files now loaded: 0)
System memory in use before: 91.2 MB.
System memory in use after: 80.5 MB.

Unloading 69 unused Assets to reduce memory usage. Loaded Objects now: 1955.
Total: 12.936700 ms (FindLiveObjects: 0.306800 ms CreateObjectMapping: 0.053700 ms MarkObjects: 1.512100 ms  DeleteObjects: 11.062900 ms)

========================================================================
Received Import Request.
  Time since last request: 467.711010 seconds.
  path: Assets/Resources/TestPlayer2.prefab
  artifactKey: Guid(f488506717c758f44b6b1f6b4fb21bda) Importer(815301076,1909f56bfc062723c751e8b465ee728b)
Start importing Assets/Resources/TestPlayer2.prefab using Guid(f488506717c758f44b6b1f6b4fb21bda) Importer(815301076,1909f56bfc062723c751e8b465ee728b)  -> (artifact id: '0185ac0b5d6ee6a3ce948961999a89cc') in 0.079664 seconds
  Import took 0.083702 seconds .

========================================================================
Received Import Request.
  Time since last request: 10.433721 seconds.
  path: Assets/Resources/TestPlayer2.prefab
  artifactKey: Guid(f488506717c758f44b6b1f6b4fb21bda) Importer(815301076,1909f56bfc062723c751e8b465ee728b)
Start importing Assets/Resources/TestPlayer2.prefab using Guid(f488506717c758f44b6b1f6b4fb21bda) Importer(815301076,1909f56bfc062723c751e8b465ee728b)  -> (artifact id: 'b0a5a07c5908f90e0f1157b2c48ab82f') in 0.035791 seconds
  Import took 0.040217 seconds .

========================================================================
Received Prepare
Refreshing native plugins compatible for Editor in 3.30 ms, found 0 plugins.
Preloading 0 native plugins for Editor in 0.00 ms.
Unloading 69 Unused Serialized files (Serialized files now loaded: 0)
System memory in use before: 92.6 MB.
System memory in use after: 81.7 MB.

Unloading 69 unused Assets to reduce memory usage. Loaded Objects now: 1956.
Total: 14.270900 ms (FindLiveObjects: 0.264300 ms CreateObjectMapping: 0.041300 ms MarkObjects: 1.924600 ms  DeleteObjects: 12.039400 ms)

========================================================================
Received Prepare
Registering precompiled user dll's ...
Registered in 0.005660 seconds.
Begin MonoManager ReloadAssembly
Native extension for WindowsStandalone target not found
Refreshing native plugins compatible for Editor in 0.38 ms, found 0 plugins.
Preloading 0 native plugins for Editor in 0.00 ms.
Mono: successfully reloaded assembly
- Completed reload, in  0.910 seconds
Platform modules already initialized, skipping
Refreshing native plugins compatible for Editor in 0.38 ms, found 0 plugins.
Preloading 0 native plugins for Editor in 0.00 ms.
Unloading 1424 Unused Serialized files (Serialized files now loaded: 0)
System memory in use before: 118.5 MB.
System memory in use after: 107.9 MB.

Unloading 71 unused Assets to reduce memory usage. Loaded Objects now: 1960.
Total: 14.057700 ms (FindLiveObjects: 0.227800 ms CreateObjectMapping: 0.038200 ms MarkObjects: 1.901200 ms  DeleteObjects: 11.888400 ms)

========================================================================
Received Prepare
Registering precompiled user dll's ...
Registered in 0.004406 seconds.
Begin MonoManager ReloadAssembly
Native extension for WindowsStandalone target not found
Refreshing native plugins compatible for Editor in 0.37 ms, found 0 plugins.
Preloading 0 native plugins for Editor in 0.00 ms.
Mono: successfully reloaded assembly
- Completed reload, in  0.766 seconds
Platform modules already initialized, skipping
Refreshing native plugins compatible for Editor in 0.36 ms, found 0 plugins.
Preloading 0 native plugins for Editor in 0.00 ms.
Unloading 1424 Unused Serialized files (Serialized files now loaded: 0)
System memory in use before: 118.7 MB.
System memory in use after: 107.9 MB.

Unloading 71 unused Assets to reduce memory usage. Loaded Objects now: 1964.
Total: 11.635100 ms (FindLiveObjects: 0.268900 ms CreateObjectMapping: 0.040100 ms MarkObjects: 1.445100 ms  DeleteObjects: 9.880100 ms)

========================================================================
Received Import Request.
  Time since last request: 222.161125 seconds.
  path: Assets/Scenes/MultiMainGameTest.unity
  artifactKey: Guid(0f1c9f1c84e7b024abf297b5ded75a23) Importer(815301076,1909f56bfc062723c751e8b465ee728b)
Start importing Assets/Scenes/MultiMainGameTest.unity using Guid(0f1c9f1c84e7b024abf297b5ded75a23) Importer(815301076,1909f56bfc062723c751e8b465ee728b)  -> (artifact id: '48a25aa33b92625724c7ca0dc75c8c30') in 0.014051 seconds
  Import took 0.016715 seconds .

========================================================================
Received Import Request.
  Time since last request: 0.010879 seconds.
  path: Assets/Scenes/MultiMainGameTest.unity
  artifactKey: Guid(0f1c9f1c84e7b024abf297b5ded75a23) Importer(815301076,1909f56bfc062723c751e8b465ee728b)
Start importing Assets/Scenes/MultiMainGameTest.unity using Guid(0f1c9f1c84e7b024abf297b5ded75a23) Importer(815301076,1909f56bfc062723c751e8b465ee728b)  -> (artifact id: '48a25aa33b92625724c7ca0dc75c8c30') in 0.003405 seconds
  Import took 0.005993 seconds .

========================================================================
Received Prepare
Refreshing native plugins compatible for Editor in 3.08 ms, found 0 plugins.
Preloading 0 native plugins for Editor in 0.00 ms.
Unloading 69 Unused Serialized files (Serialized files now loaded: 0)
System memory in use before: 91.4 MB.
System memory in use after: 80.6 MB.

Unloading 69 unused Assets to reduce memory usage. Loaded Objects now: 1964.
Total: 12.004000 ms (FindLiveObjects: 0.224100 ms CreateObjectMapping: 0.039000 ms MarkObjects: 1.912900 ms  DeleteObjects: 9.826800 ms)

========================================================================
Received Prepare
Registering precompiled user dll's ...
Registered in 0.005686 seconds.
Begin MonoManager ReloadAssembly
Native extension for WindowsStandalone target not found
Refreshing native plugins compatible for Editor in 0.38 ms, found 0 plugins.
Preloading 0 native plugins for Editor in 0.00 ms.
Mono: successfully reloaded assembly
- Completed reload, in  0.920 seconds
Platform modules already initialized, skipping
Refreshing native plugins compatible for Editor in 0.40 ms, found 0 plugins.
Preloading 0 native plugins for Editor in 0.00 ms.
Unloading 1424 Unused Serialized files (Serialized files now loaded: 0)
System memory in use before: 118.8 MB.
System memory in use after: 107.9 MB.

Unloading 71 unused Assets to reduce memory usage. Loaded Objects now: 1968.
Total: 13.683700 ms (FindLiveObjects: 0.211900 ms CreateObjectMapping: 0.037800 ms MarkObjects: 1.388400 ms  DeleteObjects: 12.044600 ms)

========================================================================
Received Prepare
Registering precompiled user dll's ...
Registered in 0.006120 seconds.
Begin MonoManager ReloadAssembly
Native extension for WindowsStandalone target not found
Refreshing native plugins compatible for Editor in 0.39 ms, found 0 plugins.
Preloading 0 native plugins for Editor in 0.00 ms.
Mono: successfully reloaded assembly
- Completed reload, in  0.788 seconds
Platform modules already initialized, skipping
Refreshing native plugins compatible for Editor in 0.37 ms, found 0 plugins.
Preloading 0 native plugins for Editor in 0.00 ms.
Unloading 1424 Unused Serialized files (Serialized files now loaded: 0)
System memory in use before: 118.6 MB.
System memory in use after: 107.9 MB.

Unloading 71 unused Assets to reduce memory usage. Loaded Objects now: 1972.
Total: 10.937100 ms (FindLiveObjects: 0.175200 ms CreateObjectMapping: 0.039200 ms MarkObjects: 1.418800 ms  DeleteObjects: 9.302600 ms)

========================================================================
Received Prepare
Registering precompiled user dll's ...
Registered in 0.004551 seconds.
Begin MonoManager ReloadAssembly
Native extension for WindowsStandalone target not found
Refreshing native plugins compatible for Editor in 0.39 ms, found 0 plugins.
Preloading 0 native plugins for Editor in 0.00 ms.
Mono: successfully reloaded assembly
- Completed reload, in  1.027 seconds
Platform modules already initialized, skipping
Refreshing native plugins compatible for Editor in 0.39 ms, found 0 plugins.
Preloading 0 native plugins for Editor in 0.00 ms.
Unloading 1424 Unused Serialized files (Serialized files now loaded: 0)
System memory in use before: 118.9 MB.
System memory in use after: 107.9 MB.

Unloading 71 unused Assets to reduce memory usage. Loaded Objects now: 1976.
Total: 12.561400 ms (FindLiveObjects: 0.324800 ms CreateObjectMapping: 0.054300 ms MarkObjects: 1.472000 ms  DeleteObjects: 10.708800 ms)

========================================================================
Received Prepare
Refreshing native plugins compatible for Editor in 3.48 ms, found 0 plugins.
Preloading 0 native plugins for Editor in 0.00 ms.
Unloading 69 Unused Serialized files (Serialized files now loaded: 0)
System memory in use before: 91.1 MB.
System memory in use after: 80.6 MB.

Unloading 69 unused Assets to reduce memory usage. Loaded Objects now: 1976.
Total: 16.967800 ms (FindLiveObjects: 0.422100 ms CreateObjectMapping: 0.070300 ms MarkObjects: 2.615400 ms  DeleteObjects: 13.857700 ms)

========================================================================
Received Prepare
Registering precompiled user dll's ...
Registered in 0.007472 seconds.
Begin MonoManager ReloadAssembly
Native extension for WindowsStandalone target not found
Refreshing native plugins compatible for Editor in 0.38 ms, found 0 plugins.
Preloading 0 native plugins for Editor in 0.00 ms.
Mono: successfully reloaded assembly
- Completed reload, in  0.915 seconds
Platform modules already initialized, skipping
Refreshing native plugins compatible for Editor in 0.41 ms, found 0 plugins.
Preloading 0 native plugins for Editor in 0.00 ms.
Unloading 1424 Unused Serialized files (Serialized files now loaded: 0)
System memory in use before: 118.9 MB.
System memory in use after: 107.9 MB.

Unloading 71 unused Assets to reduce memory usage. Loaded Objects now: 1980.
Total: 16.367800 ms (FindLiveObjects: 0.263900 ms CreateObjectMapping: 0.039100 ms MarkObjects: 1.528400 ms  DeleteObjects: 14.534700 ms)

========================================================================
Received Prepare
Registering precompiled user dll's ...
Registered in 0.004494 seconds.
Begin MonoManager ReloadAssembly
Native extension for WindowsStandalone target not found
Refreshing native plugins compatible for Editor in 0.36 ms, found 0 plugins.
Preloading 0 native plugins for Editor in 0.00 ms.
Mono: successfully reloaded assembly
- Completed reload, in  0.778 seconds
Platform modules already initialized, skipping
Refreshing native plugins compatible for Editor in 0.36 ms, found 0 plugins.
Preloading 0 native plugins for Editor in 0.00 ms.
Unloading 1424 Unused Serialized files (Serialized files now loaded: 0)
System memory in use before: 118.7 MB.
System memory in use after: 107.9 MB.

Unloading 71 unused Assets to reduce memory usage. Loaded Objects now: 1984.
Total: 11.306100 ms (FindLiveObjects: 0.209300 ms CreateObjectMapping: 0.038800 ms MarkObjects: 1.496800 ms  DeleteObjects: 9.559600 ms)

========================================================================
Received Prepare
Refreshing native plugins compatible for Editor in 3.14 ms, found 0 plugins.
Preloading 0 native plugins for Editor in 0.00 ms.
Unloading 69 Unused Serialized files (Serialized files now loaded: 0)
System memory in use before: 91.3 MB.
System memory in use after: 80.7 MB.

Unloading 69 unused Assets to reduce memory usage. Loaded Objects now: 1984.
Total: 12.900700 ms (FindLiveObjects: 0.356100 ms CreateObjectMapping: 0.053300 ms MarkObjects: 1.739900 ms  DeleteObjects: 10.750100 ms)

========================================================================
Received Prepare
Registering precompiled user dll's ...
Registered in 0.005253 seconds.
Begin MonoManager ReloadAssembly
Native extension for WindowsStandalone target not found
Refreshing native plugins compatible for Editor in 0.45 ms, found 0 plugins.
Preloading 0 native plugins for Editor in 0.00 ms.
Mono: successfully reloaded assembly
- Completed reload, in  0.945 seconds
Platform modules already initialized, skipping
Refreshing native plugins compatible for Editor in 0.42 ms, found 0 plugins.
Preloading 0 native plugins for Editor in 0.00 ms.
Unloading 1424 Unused Serialized files (Serialized files now loaded: 0)
System memory in use before: 118.6 MB.
System memory in use after: 108.0 MB.

Unloading 71 unused Assets to reduce memory usage. Loaded Objects now: 1988.
Total: 13.182800 ms (FindLiveObjects: 0.336500 ms CreateObjectMapping: 0.064000 ms MarkObjects: 1.915400 ms  DeleteObjects: 10.865600 ms)

========================================================================
Received Import Request.
  Time since last request: 567.708994 seconds.
  path: Assets/Scripts/TestObj.cs
  artifactKey: Guid(3080347dd63348545a96a75d081719ae) Importer(815301076,1909f56bfc062723c751e8b465ee728b)
Start importing Assets/Scripts/TestObj.cs using Guid(3080347dd63348545a96a75d081719ae) Importer(815301076,1909f56bfc062723c751e8b465ee728b)  -> (artifact id: '8eac6e8590968b0ce8b697639cbddd0b') in 0.009839 seconds
  Import took 0.012585 seconds .

========================================================================
Received Prepare
Registering precompiled user dll's ...
Registered in 0.005857 seconds.
Begin MonoManager ReloadAssembly
Native extension for WindowsStandalone target not found
Refreshing native plugins compatible for Editor in 0.38 ms, found 0 plugins.
Preloading 0 native plugins for Editor in 0.00 ms.
Mono: successfully reloaded assembly
- Completed reload, in  0.852 seconds
Platform modules already initialized, skipping
Refreshing native plugins compatible for Editor in 0.36 ms, found 0 plugins.
Preloading 0 native plugins for Editor in 0.00 ms.
Unloading 1423 Unused Serialized files (Serialized files now loaded: 0)
System memory in use before: 118.7 MB.
System memory in use after: 107.9 MB.

Unloading 72 unused Assets to reduce memory usage. Loaded Objects now: 1991.
Total: 12.945800 ms (FindLiveObjects: 0.293000 ms CreateObjectMapping: 0.051500 ms MarkObjects: 1.591300 ms  DeleteObjects: 11.008400 ms)

========================================================================
Received Prepare
Registering precompiled user dll's ...
Registered in 0.005110 seconds.
Begin MonoManager ReloadAssembly
Native extension for WindowsStandalone target not found
Refreshing native plugins compatible for Editor in 0.37 ms, found 0 plugins.
Preloading 0 native plugins for Editor in 0.00 ms.
Mono: successfully reloaded assembly
- Completed reload, in  0.841 seconds
Platform modules already initialized, skipping
Refreshing native plugins compatible for Editor in 0.40 ms, found 0 plugins.
Preloading 0 native plugins for Editor in 0.00 ms.
Unloading 1423 Unused Serialized files (Serialized files now loaded: 0)
System memory in use before: 118.6 MB.
System memory in use after: 107.9 MB.

Unloading 71 unused Assets to reduce memory usage. Loaded Objects now: 1995.
Total: 12.493900 ms (FindLiveObjects: 0.237800 ms CreateObjectMapping: 0.040000 ms MarkObjects: 1.462700 ms  DeleteObjects: 10.751800 ms)

========================================================================
Received Prepare
Registering precompiled user dll's ...
Registered in 0.004933 seconds.
Begin MonoManager ReloadAssembly
Native extension for WindowsStandalone target not found
Refreshing native plugins compatible for Editor in 0.45 ms, found 0 plugins.
Preloading 0 native plugins for Editor in 0.00 ms.
Mono: successfully reloaded assembly
- Completed reload, in  0.835 seconds
Platform modules already initialized, skipping
Refreshing native plugins compatible for Editor in 0.45 ms, found 0 plugins.
Preloading 0 native plugins for Editor in 0.00 ms.
Unloading 1422 Unused Serialized files (Serialized files now loaded: 0)
System memory in use before: 118.8 MB.
System memory in use after: 107.9 MB.

Unloading 72 unused Assets to reduce memory usage. Loaded Objects now: 1998.
Total: 12.538300 ms (FindLiveObjects: 0.303900 ms CreateObjectMapping: 0.051900 ms MarkObjects: 1.702800 ms  DeleteObjects: 10.478400 ms)

========================================================================
Received Import Request.
  Time since last request: 280.091884 seconds.
  path: Assets/Scripts/NewBehaviourScript.cs
  artifactKey: Guid(c5883c78dd96fec4bad4ecbcceb8e367) Importer(815301076,1909f56bfc062723c751e8b465ee728b)
Start importing Assets/Scripts/NewBehaviourScript.cs using Guid(c5883c78dd96fec4bad4ecbcceb8e367) Importer(815301076,1909f56bfc062723c751e8b465ee728b)  -> (artifact id: 'd4432b69abe01ec28c5f93b114527aa3') in 0.012724 seconds
  Import took 0.016108 seconds .

========================================================================
Received Prepare
Registering precompiled user dll's ...
Registered in 0.004441 seconds.
Begin MonoManager ReloadAssembly
Native extension for WindowsStandalone target not found
Refreshing native plugins compatible for Editor in 0.41 ms, found 0 plugins.
Preloading 0 native plugins for Editor in 0.00 ms.
Mono: successfully reloaded assembly
- Completed reload, in  0.821 seconds
Platform modules already initialized, skipping
Refreshing native plugins compatible for Editor in 0.36 ms, found 0 plugins.
Preloading 0 native plugins for Editor in 0.00 ms.
Unloading 1422 Unused Serialized files (Serialized files now loaded: 0)
System memory in use before: 118.6 MB.
System memory in use after: 107.9 MB.

Unloading 71 unused Assets to reduce memory usage. Loaded Objects now: 2002.
Total: 11.753400 ms (FindLiveObjects: 0.258600 ms CreateObjectMapping: 0.038900 ms MarkObjects: 1.492400 ms  DeleteObjects: 9.962000 ms)

========================================================================
Received Import Request.
  Time since last request: 6.823424 seconds.
  path: Assets/Scripts/GameManager.cs
  artifactKey: Guid(27ef0071108687649bad0dcb5f362b9e) Importer(815301076,1909f56bfc062723c751e8b465ee728b)
Start importing Assets/Scripts/GameManager.cs using Guid(27ef0071108687649bad0dcb5f362b9e) Importer(815301076,1909f56bfc062723c751e8b465ee728b)  -> (artifact id: 'e863c2fcf5d8a9de05b974bb69747508') in 0.008481 seconds
  Import took 0.011084 seconds .

========================================================================
Received Import Request.
  Time since last request: 17.880545 seconds.
  path: Assets/Scripts/Multi Scripts
  artifactKey: Guid(ce3ee0a9f26c07e439630f5da39d1f8b) Importer(815301076,1909f56bfc062723c751e8b465ee728b)
Start importing Assets/Scripts/Multi Scripts using Guid(ce3ee0a9f26c07e439630f5da39d1f8b) Importer(815301076,1909f56bfc062723c751e8b465ee728b)  -> (artifact id: 'b5d235a82b0e958cd3895814a270b9af') in 0.009284 seconds
  Import took 0.012367 seconds .

========================================================================
Received Import Request.
  Time since last request: 9.801759 seconds.
  path: Assets/Scripts/MultiPlayerTest.cs
  artifactKey: Guid(1f480bbcf02c4bc41aa05b759bdf45a9) Importer(815301076,1909f56bfc062723c751e8b465ee728b)
Start importing Assets/Scripts/MultiPlayerTest.cs using Guid(1f480bbcf02c4bc41aa05b759bdf45a9) Importer(815301076,1909f56bfc062723c751e8b465ee728b)  -> (artifact id: 'a25741fcb018fdcde09a415d216d222d') in 0.002943 seconds
  Import took 0.005341 seconds .

========================================================================
Received Import Request.
  Time since last request: 0.025290 seconds.
  path: Assets/Scripts/MultiPlayerTest.cs
  artifactKey: Guid(1f480bbcf02c4bc41aa05b759bdf45a9) Importer(815301076,1909f56bfc062723c751e8b465ee728b)
Start importing Assets/Scripts/MultiPlayerTest.cs using Guid(1f480bbcf02c4bc41aa05b759bdf45a9) Importer(815301076,1909f56bfc062723c751e8b465ee728b)  -> (artifact id: 'a25741fcb018fdcde09a415d216d222d') in 0.003077 seconds
  Import took 0.005478 seconds .

========================================================================
Received Prepare
Registering precompiled user dll's ...
Registered in 0.005436 seconds.
Begin MonoManager ReloadAssembly
Native extension for WindowsStandalone target not found
Refreshing native plugins compatible for Editor in 0.36 ms, found 0 plugins.
Preloading 0 native plugins for Editor in 0.00 ms.
Mono: successfully reloaded assembly
- Completed reload, in  0.801 seconds
Platform modules already initialized, skipping
Refreshing native plugins compatible for Editor in 0.37 ms, found 0 plugins.
Preloading 0 native plugins for Editor in 0.00 ms.
Unloading 1422 Unused Serialized files (Serialized files now loaded: 0)
System memory in use before: 118.8 MB.
System memory in use after: 107.9 MB.

Unloading 71 unused Assets to reduce memory usage. Loaded Objects now: 2006.
Total: 12.428400 ms (FindLiveObjects: 0.243000 ms CreateObjectMapping: 0.039700 ms MarkObjects: 1.520800 ms  DeleteObjects: 10.623700 ms)

========================================================================
Received Import Request.
  Time since last request: 82.670121 seconds.
  path: Assets/Scripts/Multi Scripts/MultiPlayerManager.cs
  artifactKey: Guid(3c4be296575ef874aa90aae9970693f4) Importer(815301076,1909f56bfc062723c751e8b465ee728b)
Start importing Assets/Scripts/Multi Scripts/MultiPlayerManager.cs using Guid(3c4be296575ef874aa90aae9970693f4) Importer(815301076,1909f56bfc062723c751e8b465ee728b)  -> (artifact id: 'ebe067742d6f5795a7856c7cfa046744') in 0.012542 seconds
  Import took 0.015675 seconds .

========================================================================
Received Prepare
Registering precompiled user dll's ...
Registered in 0.066226 seconds.
Begin MonoManager ReloadAssembly
Native extension for WindowsStandalone target not found
Refreshing native plugins compatible for Editor in 0.68 ms, found 0 plugins.
Preloading 0 native plugins for Editor in 0.00 ms.
Mono: successfully reloaded assembly
- Completed reload, in  2.190 seconds
Platform modules already initialized, skipping
Refreshing native plugins compatible for Editor in 0.64 ms, found 0 plugins.
Preloading 0 native plugins for Editor in 0.00 ms.
Unloading 1423 Unused Serialized files (Serialized files now loaded: 0)
System memory in use before: 118.7 MB.
System memory in use after: 108.0 MB.

Unloading 71 unused Assets to reduce memory usage. Loaded Objects now: 2011.
Total: 14.203800 ms (FindLiveObjects: 0.262600 ms CreateObjectMapping: 0.039300 ms MarkObjects: 1.867200 ms  DeleteObjects: 12.033200 ms)

========================================================================
Received Prepare
Registering precompiled user dll's ...
Registered in 0.006145 seconds.
Begin MonoManager ReloadAssembly
Native extension for WindowsStandalone target not found
Refreshing native plugins compatible for Editor in 0.37 ms, found 0 plugins.
Preloading 0 native plugins for Editor in 0.00 ms.
Mono: successfully reloaded assembly
- Completed reload, in  0.796 seconds
Platform modules already initialized, skipping
Refreshing native plugins compatible for Editor in 0.37 ms, found 0 plugins.
Preloading 0 native plugins for Editor in 0.00 ms.
Unloading 1423 Unused Serialized files (Serialized files now loaded: 0)
System memory in use before: 118.7 MB.
System memory in use after: 108.0 MB.

Unloading 71 unused Assets to reduce memory usage. Loaded Objects now: 2015.
Total: 11.314500 ms (FindLiveObjects: 0.180900 ms CreateObjectMapping: 0.038400 ms MarkObjects: 1.402700 ms  DeleteObjects: 9.691500 ms)

========================================================================
Received Import Request.
  Time since last request: 251.136451 seconds.
  path: Assets/Scripts/PlayerManager.cs
  artifactKey: Guid(dc3ca3acc7ed4174b878d7acfbe49472) Importer(815301076,1909f56bfc062723c751e8b465ee728b)
Start importing Assets/Scripts/PlayerManager.cs using Guid(dc3ca3acc7ed4174b878d7acfbe49472) Importer(815301076,1909f56bfc062723c751e8b465ee728b)  -> (artifact id: '05338d9552382552e78c63a94256eb3d') in 0.004893 seconds
  Import took 0.007338 seconds .

========================================================================
Received Prepare
Registering precompiled user dll's ...
Registered in 0.004789 seconds.
Begin MonoManager ReloadAssembly
Native extension for WindowsStandalone target not found
Refreshing native plugins compatible for Editor in 0.38 ms, found 0 plugins.
Preloading 0 native plugins for Editor in 0.00 ms.
Mono: successfully reloaded assembly
- Completed reload, in  0.802 seconds
Platform modules already initialized, skipping
Refreshing native plugins compatible for Editor in 0.37 ms, found 0 plugins.
Preloading 0 native plugins for Editor in 0.00 ms.
Unloading 1423 Unused Serialized files (Serialized files now loaded: 0)
System memory in use before: 118.6 MB.
System memory in use after: 108.0 MB.

Unloading 71 unused Assets to reduce memory usage. Loaded Objects now: 2019.
Total: 11.464800 ms (FindLiveObjects: 0.213500 ms CreateObjectMapping: 0.037100 ms MarkObjects: 1.421000 ms  DeleteObjects: 9.792300 ms)

========================================================================
Received Prepare
Registering precompiled user dll's ...
Registered in 0.005936 seconds.
Begin MonoManager ReloadAssembly
Native extension for WindowsStandalone target not found
Refreshing native plugins compatible for Editor in 0.37 ms, found 0 plugins.
Preloading 0 native plugins for Editor in 0.00 ms.
Mono: successfully reloaded assembly
- Completed reload, in  0.829 seconds
Platform modules already initialized, skipping
Refreshing native plugins compatible for Editor in 0.39 ms, found 0 plugins.
Preloading 0 native plugins for Editor in 0.00 ms.
Unloading 1423 Unused Serialized files (Serialized files now loaded: 0)
System memory in use before: 118.9 MB.
System memory in use after: 108.0 MB.

Unloading 71 unused Assets to reduce memory usage. Loaded Objects now: 2023.
Total: 11.742900 ms (FindLiveObjects: 0.196400 ms CreateObjectMapping: 0.040500 ms MarkObjects: 1.487600 ms  DeleteObjects: 10.017300 ms)

========================================================================
Received Prepare
Registering precompiled user dll's ...
Registered in 0.004744 seconds.
Begin MonoManager ReloadAssembly
Native extension for WindowsStandalone target not found
Refreshing native plugins compatible for Editor in 0.50 ms, found 0 plugins.
Preloading 0 native plugins for Editor in 0.00 ms.
Mono: successfully reloaded assembly
- Completed reload, in  0.820 seconds
Platform modules already initialized, skipping
Refreshing native plugins compatible for Editor in 0.37 ms, found 0 plugins.
Preloading 0 native plugins for Editor in 0.00 ms.
Unloading 1423 Unused Serialized files (Serialized files now loaded: 0)
System memory in use before: 118.8 MB.
System memory in use after: 108.0 MB.

Unloading 71 unused Assets to reduce memory usage. Loaded Objects now: 2027.
Total: 11.513500 ms (FindLiveObjects: 0.234900 ms CreateObjectMapping: 0.039000 ms MarkObjects: 1.456600 ms  DeleteObjects: 9.781900 ms)

========================================================================
Received Prepare
Registering precompiled user dll's ...
Registered in 0.005811 seconds.
Begin MonoManager ReloadAssembly
Native extension for WindowsStandalone target not found
Refreshing native plugins compatible for Editor in 0.37 ms, found 0 plugins.
Preloading 0 native plugins for Editor in 0.00 ms.
Mono: successfully reloaded assembly
- Completed reload, in  0.794 seconds
Platform modules already initialized, skipping
Refreshing native plugins compatible for Editor in 0.41 ms, found 0 plugins.
Preloading 0 native plugins for Editor in 0.00 ms.
Unloading 1423 Unused Serialized files (Serialized files now loaded: 0)
System memory in use before: 118.9 MB.
System memory in use after: 108.0 MB.

Unloading 71 unused Assets to reduce memory usage. Loaded Objects now: 2031.
Total: 11.652400 ms (FindLiveObjects: 0.240000 ms CreateObjectMapping: 0.048700 ms MarkObjects: 1.552500 ms  DeleteObjects: 9.808000 ms)

========================================================================
Received Prepare
Registering precompiled user dll's ...
Registered in 0.005896 seconds.
Begin MonoManager ReloadAssembly
Native extension for WindowsStandalone target not found
Refreshing native plugins compatible for Editor in 0.45 ms, found 0 plugins.
Preloading 0 native plugins for Editor in 0.00 ms.
Mono: successfully reloaded assembly
- Completed reload, in  0.798 seconds
Platform modules already initialized, skipping
Refreshing native plugins compatible for Editor in 0.39 ms, found 0 plugins.
Preloading 0 native plugins for Editor in 0.00 ms.
Unloading 1423 Unused Serialized files (Serialized files now loaded: 0)
System memory in use before: 118.7 MB.
System memory in use after: 108.0 MB.

Unloading 71 unused Assets to reduce memory usage. Loaded Objects now: 2035.
Total: 11.801500 ms (FindLiveObjects: 0.241700 ms CreateObjectMapping: 0.039500 ms MarkObjects: 1.528300 ms  DeleteObjects: 9.990900 ms)

========================================================================
Received Import Request.
  Time since last request: 215.695279 seconds.
  path: Assets/Scripts/Player02.cs
  artifactKey: Guid(e4f0f3f45f0a02e4f97d646c780340f1) Importer(815301076,1909f56bfc062723c751e8b465ee728b)
Start importing Assets/Scripts/Player02.cs using Guid(e4f0f3f45f0a02e4f97d646c780340f1) Importer(815301076,1909f56bfc062723c751e8b465ee728b)  -> (artifact id: '44b0511bbb9d2a63e96d051f67e04955') in 0.004962 seconds
  Import took 0.007494 seconds .

========================================================================
Received Prepare
Registering precompiled user dll's ...
Registered in 0.005385 seconds.
Begin MonoManager ReloadAssembly
Native extension for WindowsStandalone target not found
Refreshing native plugins compatible for Editor in 0.38 ms, found 0 plugins.
Preloading 0 native plugins for Editor in 0.00 ms.
Mono: successfully reloaded assembly
- Completed reload, in  0.806 seconds
Platform modules already initialized, skipping
Refreshing native plugins compatible for Editor in 0.38 ms, found 0 plugins.
Preloading 0 native plugins for Editor in 0.00 ms.
Unloading 1423 Unused Serialized files (Serialized files now loaded: 0)
System memory in use before: 118.8 MB.
System memory in use after: 108.0 MB.

Unloading 71 unused Assets to reduce memory usage. Loaded Objects now: 2039.
Total: 11.920200 ms (FindLiveObjects: 0.207500 ms CreateObjectMapping: 0.040500 ms MarkObjects: 1.563300 ms  DeleteObjects: 10.107800 ms)

========================================================================
Received Prepare
Registering precompiled user dll's ...
Registered in 0.004674 seconds.
Begin MonoManager ReloadAssembly
Native extension for WindowsStandalone target not found
Refreshing native plugins compatible for Editor in 0.38 ms, found 0 plugins.
Preloading 0 native plugins for Editor in 0.00 ms.
Mono: successfully reloaded assembly
- Completed reload, in  0.794 seconds
Platform modules already initialized, skipping
Refreshing native plugins compatible for Editor in 0.39 ms, found 0 plugins.
Preloading 0 native plugins for Editor in 0.00 ms.
Unloading 1423 Unused Serialized files (Serialized files now loaded: 0)
System memory in use before: 118.6 MB.
System memory in use after: 108.0 MB.

Unloading 71 unused Assets to reduce memory usage. Loaded Objects now: 2043.
Total: 11.381500 ms (FindLiveObjects: 0.272700 ms CreateObjectMapping: 0.039300 ms MarkObjects: 1.481500 ms  DeleteObjects: 9.586700 ms)

========================================================================
Received Import Request.
  Time since last request: 76.846993 seconds.
  path: Assets/Resources/TestPlayer1.prefab
  artifactKey: Guid(9b75046a611d62943bf4946c51ecd1ee) Importer(815301076,1909f56bfc062723c751e8b465ee728b)
Start importing Assets/Resources/TestPlayer1.prefab using Guid(9b75046a611d62943bf4946c51ecd1ee) Importer(815301076,1909f56bfc062723c751e8b465ee728b)  -> (artifact id: 'c84983a84e6ab7b9547ba32084fb59ba') in 0.086029 seconds
  Import took 0.090086 seconds .

========================================================================
Received Prepare
Registering precompiled user dll's ...
Registered in 0.005201 seconds.
Begin MonoManager ReloadAssembly
Native extension for WindowsStandalone target not found
Refreshing native plugins compatible for Editor in 0.40 ms, found 0 plugins.
Preloading 0 native plugins for Editor in 0.00 ms.
Mono: successfully reloaded assembly
- Completed reload, in  0.810 seconds
Platform modules already initialized, skipping
Refreshing native plugins compatible for Editor in 0.39 ms, found 0 plugins.
Preloading 0 native plugins for Editor in 0.00 ms.
Unloading 1423 Unused Serialized files (Serialized files now loaded: 0)
System memory in use before: 118.8 MB.
System memory in use after: 108.1 MB.

Unloading 71 unused Assets to reduce memory usage. Loaded Objects now: 2048.
Total: 12.550000 ms (FindLiveObjects: 0.217900 ms CreateObjectMapping: 0.039000 ms MarkObjects: 1.420700 ms  DeleteObjects: 10.871100 ms)

========================================================================
Received Prepare
Registering precompiled user dll's ...
Registered in 0.005354 seconds.
Begin MonoManager ReloadAssembly
Native extension for WindowsStandalone target not found
Refreshing native plugins compatible for Editor in 0.39 ms, found 0 plugins.
Preloading 0 native plugins for Editor in 0.00 ms.
Mono: successfully reloaded assembly
- Completed reload, in  0.858 seconds
Platform modules already initialized, skipping
Refreshing native plugins compatible for Editor in 0.37 ms, found 0 plugins.
Preloading 0 native plugins for Editor in 0.00 ms.
Unloading 1423 Unused Serialized files (Serialized files now loaded: 0)
System memory in use before: 118.7 MB.
System memory in use after: 108.1 MB.

Unloading 71 unused Assets to reduce memory usage. Loaded Objects now: 2052.
Total: 12.686900 ms (FindLiveObjects: 0.311100 ms CreateObjectMapping: 0.055400 ms MarkObjects: 1.475100 ms  DeleteObjects: 10.844300 ms)

========================================================================
Received Prepare
Registering precompiled user dll's ...
Registered in 0.005074 seconds.
Begin MonoManager ReloadAssembly
Native extension for WindowsStandalone target not found
Refreshing native plugins compatible for Editor in 0.39 ms, found 0 plugins.
Preloading 0 native plugins for Editor in 0.00 ms.
Mono: successfully reloaded assembly
- Completed reload, in  0.796 seconds
Platform modules already initialized, skipping
Refreshing native plugins compatible for Editor in 0.38 ms, found 0 plugins.
Preloading 0 native plugins for Editor in 0.00 ms.
Unloading 1423 Unused Serialized files (Serialized files now loaded: 0)
System memory in use before: 118.9 MB.
System memory in use after: 108.1 MB.

Unloading 71 unused Assets to reduce memory usage. Loaded Objects now: 2056.
Total: 15.159200 ms (FindLiveObjects: 0.361400 ms CreateObjectMapping: 0.056500 ms MarkObjects: 1.730600 ms  DeleteObjects: 13.009200 ms)

========================================================================
Received Prepare
Registering precompiled user dll's ...
Registered in 0.004995 seconds.
Begin MonoManager ReloadAssembly
Native extension for WindowsStandalone target not found
Refreshing native plugins compatible for Editor in 0.41 ms, found 0 plugins.
Preloading 0 native plugins for Editor in 0.00 ms.
Mono: successfully reloaded assembly
- Completed reload, in  0.800 seconds
Platform modules already initialized, skipping
Refreshing native plugins compatible for Editor in 0.37 ms, found 0 plugins.
Preloading 0 native plugins for Editor in 0.00 ms.
Unloading 1423 Unused Serialized files (Serialized files now loaded: 0)
System memory in use before: 118.9 MB.
System memory in use after: 108.1 MB.

Unloading 71 unused Assets to reduce memory usage. Loaded Objects now: 2060.
Total: 14.755100 ms (FindLiveObjects: 0.260700 ms CreateObjectMapping: 0.041000 ms MarkObjects: 1.590000 ms  DeleteObjects: 12.862100 ms)

========================================================================
Received Prepare
Registering precompiled user dll's ...
Registered in 0.004967 seconds.
Begin MonoManager ReloadAssembly
Native extension for WindowsStandalone target not found
Refreshing native plugins compatible for Editor in 0.37 ms, found 0 plugins.
Preloading 0 native plugins for Editor in 0.00 ms.
Mono: successfully reloaded assembly
- Completed reload, in  0.788 seconds
Platform modules already initialized, skipping
Refreshing native plugins compatible for Editor in 0.36 ms, found 0 plugins.
Preloading 0 native plugins for Editor in 0.00 ms.
Unloading 1423 Unused Serialized files (Serialized files now loaded: 0)
System memory in use before: 119.0 MB.
System memory in use after: 108.1 MB.

Unloading 71 unused Assets to reduce memory usage. Loaded Objects now: 2064.
Total: 11.341100 ms (FindLiveObjects: 0.188100 ms CreateObjectMapping: 0.038600 ms MarkObjects: 1.418100 ms  DeleteObjects: 9.695300 ms)

========================================================================
Received Prepare
Registering precompiled user dll's ...
Registered in 0.006127 seconds.
Begin MonoManager ReloadAssembly
Native extension for WindowsStandalone target not found
Refreshing native plugins compatible for Editor in 0.40 ms, found 0 plugins.
Preloading 0 native plugins for Editor in 0.00 ms.
Mono: successfully reloaded assembly
- Completed reload, in  0.784 seconds
Platform modules already initialized, skipping
Refreshing native plugins compatible for Editor in 0.39 ms, found 0 plugins.
Preloading 0 native plugins for Editor in 0.00 ms.
Unloading 1423 Unused Serialized files (Serialized files now loaded: 0)
System memory in use before: 119.0 MB.
System memory in use after: 108.1 MB.

Unloading 71 unused Assets to reduce memory usage. Loaded Objects now: 2068.
Total: 11.797800 ms (FindLiveObjects: 0.184400 ms CreateObjectMapping: 0.038700 ms MarkObjects: 1.439000 ms  DeleteObjects: 10.134800 ms)

========================================================================
Received Prepare
Registering precompiled user dll's ...
Registered in 0.004993 seconds.
Begin MonoManager ReloadAssembly
Native extension for WindowsStandalone target not found
Refreshing native plugins compatible for Editor in 0.41 ms, found 0 plugins.
Preloading 0 native plugins for Editor in 0.00 ms.
Mono: successfully reloaded assembly
- Completed reload, in  0.771 seconds
Platform modules already initialized, skipping
Refreshing native plugins compatible for Editor in 0.36 ms, found 0 plugins.
Preloading 0 native plugins for Editor in 0.00 ms.
Unloading 1423 Unused Serialized files (Serialized files now loaded: 0)
System memory in use before: 119.1 MB.
System memory in use after: 108.1 MB.

Unloading 71 unused Assets to reduce memory usage. Loaded Objects now: 2072.
Total: 11.491800 ms (FindLiveObjects: 0.232700 ms CreateObjectMapping: 0.037900 ms MarkObjects: 1.422100 ms  DeleteObjects: 9.798000 ms)

========================================================================
Received Prepare
Registering precompiled user dll's ...
Registered in 0.004724 seconds.
Begin MonoManager ReloadAssembly
Native extension for WindowsStandalone target not found
Refreshing native plugins compatible for Editor in 0.39 ms, found 0 plugins.
Preloading 0 native plugins for Editor in 0.00 ms.
Mono: successfully reloaded assembly
- Completed reload, in  0.773 seconds
Platform modules already initialized, skipping
Refreshing native plugins compatible for Editor in 0.37 ms, found 0 plugins.
Preloading 0 native plugins for Editor in 0.00 ms.
Unloading 1423 Unused Serialized files (Serialized files now loaded: 0)
System memory in use before: 118.7 MB.
System memory in use after: 108.1 MB.

Unloading 71 unused Assets to reduce memory usage. Loaded Objects now: 2076.
Total: 11.349300 ms (FindLiveObjects: 0.187400 ms CreateObjectMapping: 0.040900 ms MarkObjects: 1.446500 ms  DeleteObjects: 9.673600 ms)

========================================================================
Received Prepare
Registering precompiled user dll's ...
Registered in 0.005335 seconds.
Begin MonoManager ReloadAssembly
Native extension for WindowsStandalone target not found
Refreshing native plugins compatible for Editor in 0.41 ms, found 0 plugins.
Preloading 0 native plugins for Editor in 0.00 ms.
Mono: successfully reloaded assembly
- Completed reload, in  0.782 seconds
Platform modules already initialized, skipping
Refreshing native plugins compatible for Editor in 0.36 ms, found 0 plugins.
Preloading 0 native plugins for Editor in 0.00 ms.
Unloading 1423 Unused Serialized files (Serialized files now loaded: 0)
System memory in use before: 119.1 MB.
System memory in use after: 108.1 MB.

Unloading 71 unused Assets to reduce memory usage. Loaded Objects now: 2080.
Total: 12.079900 ms (FindLiveObjects: 0.259100 ms CreateObjectMapping: 0.052000 ms MarkObjects: 1.461200 ms  DeleteObjects: 10.306400 ms)

========================================================================
Received Prepare
Registering precompiled user dll's ...
Registered in 0.004903 seconds.
Begin MonoManager ReloadAssembly
Native extension for WindowsStandalone target not found
Refreshing native plugins compatible for Editor in 0.37 ms, found 0 plugins.
Preloading 0 native plugins for Editor in 0.00 ms.
Mono: successfully reloaded assembly
- Completed reload, in  0.798 seconds
Platform modules already initialized, skipping
Refreshing native plugins compatible for Editor in 0.41 ms, found 0 plugins.
Preloading 0 native plugins for Editor in 0.00 ms.
Unloading 1423 Unused Serialized files (Serialized files now loaded: 0)
System memory in use before: 118.7 MB.
System memory in use after: 108.1 MB.

Unloading 71 unused Assets to reduce memory usage. Loaded Objects now: 2084.
Total: 12.831700 ms (FindLiveObjects: 0.232900 ms CreateObjectMapping: 0.040000 ms MarkObjects: 1.465300 ms  DeleteObjects: 11.092400 ms)

========================================================================
Received Prepare
Registering precompiled user dll's ...
Registered in 0.004728 seconds.
Begin MonoManager ReloadAssembly
Native extension for WindowsStandalone target not found
Refreshing native plugins compatible for Editor in 0.38 ms, found 0 plugins.
Preloading 0 native plugins for Editor in 0.00 ms.
Mono: successfully reloaded assembly
- Completed reload, in  0.801 seconds
Platform modules already initialized, skipping
Refreshing native plugins compatible for Editor in 0.38 ms, found 0 plugins.
Preloading 0 native plugins for Editor in 0.00 ms.
Unloading 1423 Unused Serialized files (Serialized files now loaded: 0)
System memory in use before: 118.9 MB.
System memory in use after: 108.1 MB.

Unloading 71 unused Assets to reduce memory usage. Loaded Objects now: 2088.
Total: 11.633800 ms (FindLiveObjects: 0.250100 ms CreateObjectMapping: 0.040200 ms MarkObjects: 1.455400 ms  DeleteObjects: 9.886400 ms)

========================================================================
Received Prepare
Registering precompiled user dll's ...
Registered in 0.004687 seconds.
Begin MonoManager ReloadAssembly
Native extension for WindowsStandalone target not found
Refreshing native plugins compatible for Editor in 0.40 ms, found 0 plugins.
Preloading 0 native plugins for Editor in 0.00 ms.
Mono: successfully reloaded assembly
- Completed reload, in  0.874 seconds
Platform modules already initialized, skipping
Refreshing native plugins compatible for Editor in 0.37 ms, found 0 plugins.
Preloading 0 native plugins for Editor in 0.00 ms.
Unloading 1423 Unused Serialized files (Serialized files now loaded: 0)
System memory in use before: 118.8 MB.
System memory in use after: 108.1 MB.

Unloading 71 unused Assets to reduce memory usage. Loaded Objects now: 2092.
Total: 11.871600 ms (FindLiveObjects: 0.250600 ms CreateObjectMapping: 0.039400 ms MarkObjects: 1.498900 ms  DeleteObjects: 10.081200 ms)

AssetImportWorkerClient::OnTransportError - code=2 error=End of file
