Using pre-set license
Built from '2020.3/staging' branch; Version is '2020.3.5f1 (8095aa901b9b) revision 8426922'; Using compiler version '192528614'; Build Type 'Release'
OS: 'Windows 10 Pro; OS build 19042.1288; Version 2009; 64bit' Language: 'ko' Physical Memory: 16291 MB
BatchMode: 1, IsHumanControllingUs: 0, StartBugReporterOnCrash: 0, Is64bit: 1, IsPro: 0

 COMMAND LINE ARGUMENTS:
C:\Program Files\Unity\Hub\Editor\2020.3.5f1\Editor\Unity.exe
-adb2
-batchMode
-noUpm
-name
AssetImportWorker1
-projectPath
C:/Users/hhj32/Desktop/Contests_Capston/Git_ContentsIT_Capston_Design/Project/RuleMate_Project
-logFile
Logs/AssetImportWorker1.log
-srvPort
9318
Successfully changed project path to: C:/Users/hhj32/Desktop/Contests_Capston/Git_ContentsIT_Capston_Design/Project/RuleMate_Project
C:/Users/hhj32/Desktop/Contests_Capston/Git_ContentsIT_Capston_Design/Project/RuleMate_Project
Using Asset Import Pipeline V2.
Refreshing native plugins compatible for Editor in 87.57 ms, found 0 plugins.
Preloading 0 native plugins for Editor in 0.00 ms.
Initialize engine version: 2020.3.5f1 (8095aa901b9b)
[Subsystems] Discovering subsystems at path C:/Program Files/Unity/Hub/Editor/2020.3.5f1/Editor/Data/Resources/UnitySubsystems
[Subsystems] Discovering subsystems at path C:/Users/hhj32/Desktop/Contests_Capston/Git_ContentsIT_Capston_Design/Project/RuleMate_Project/Assets
GfxDevice: creating device client; threaded=0
Direct3D:
    Version:  Direct3D 11.0 [level 11.1]
    Renderer: NVIDIA GeForce RTX 2060 (ID=0x1f08)
    Vendor:   
    VRAM:     5980 MB
    Driver:   30.0.14.9613
Initialize mono
Mono path[0] = 'C:/Program Files/Unity/Hub/Editor/2020.3.5f1/Editor/Data/Managed'
Mono path[1] = 'C:/Program Files/Unity/Hub/Editor/2020.3.5f1/Editor/Data/MonoBleedingEdge/lib/mono/unityjit'
Mono config path = 'C:/Program Files/Unity/Hub/Editor/2020.3.5f1/Editor/Data/MonoBleedingEdge/etc'
Using monoOptions --debugger-agent=transport=dt_socket,embedding=1,server=y,suspend=n,address=127.0.0.1:56928
Begin MonoManager ReloadAssembly
Registering precompiled unity dll's ...
Register platform support module: C:/Program Files/Unity/Hub/Editor/2020.3.5f1/Editor/Data/PlaybackEngines/WindowsStandaloneSupport/UnityEditor.WindowsStandalone.Extensions.dll
Registered in 0.002627 seconds.
Native extension for WindowsStandalone target not found
Refreshing native plugins compatible for Editor in 94.52 ms, found 0 plugins.
Preloading 0 native plugins for Editor in 0.00 ms.
Mono: successfully reloaded assembly
- Completed reload, in  4.571 seconds
Platform modules already initialized, skipping
Registering precompiled user dll's ...
Registered in 0.005235 seconds.
Begin MonoManager ReloadAssembly
Native extension for WindowsStandalone target not found
Refreshing native plugins compatible for Editor in 1.02 ms, found 0 plugins.
Preloading 0 native plugins for Editor in 0.00 ms.
Mono: successfully reloaded assembly
- Completed reload, in  0.897 seconds
Platform modules already initialized, skipping
========================================================================
Worker process is ready to serve import requests
Launched and connected shader compiler UnityShaderCompiler.exe after 0.05 seconds
Refreshing native plugins compatible for Editor in 0.98 ms, found 0 plugins.
Preloading 0 native plugins for Editor in 0.00 ms.
Unloading 1596 Unused Serialized files (Serialized files now loaded: 0)
System memory in use before: 120.3 MB.
System memory in use after: 109.3 MB.

Unloading 77 unused Assets to reduce memory usage. Loaded Objects now: 1983.
Total: 9.387300 ms (FindLiveObjects: 0.226400 ms CreateObjectMapping: 0.050800 ms MarkObjects: 1.378000 ms  DeleteObjects: 7.731000 ms)

========================================================================
Received Import Request.
  path: Assets/Scenes/Main_Lobby_Room.unity
  artifactKey: Guid(d2fd4d44fae86ba4da639091e8bf1c1f) Importer(815301076,1909f56bfc062723c751e8b465ee728b)
Start importing Assets/Scenes/Main_Lobby_Room.unity using Guid(d2fd4d44fae86ba4da639091e8bf1c1f) Importer(815301076,1909f56bfc062723c751e8b465ee728b)  -> (artifact id: '5c455c8103a5e5c1c7ddf0356306b311') in 0.015960 seconds
  Import took 0.019606 seconds .

========================================================================
Received Import Request.
  Time since last request: 471.989001 seconds.
  path: Assets/Scripts/CharacterUI.cs
  artifactKey: Guid(9d55ae2e5169ff446a1d39a610e4aa9c) Importer(815301076,1909f56bfc062723c751e8b465ee728b)
Start importing Assets/Scripts/CharacterUI.cs using Guid(9d55ae2e5169ff446a1d39a610e4aa9c) Importer(815301076,1909f56bfc062723c751e8b465ee728b)  -> (artifact id: 'e692ff9e1a4d006ad442533f637ff7f7') in 0.032150 seconds
  Import took 0.035408 seconds .

========================================================================
Received Prepare
Registering precompiled user dll's ...
Registered in 0.005849 seconds.
Begin MonoManager ReloadAssembly
Native extension for WindowsStandalone target not found
Refreshing native plugins compatible for Editor in 0.99 ms, found 0 plugins.
Preloading 0 native plugins for Editor in 0.00 ms.
Mono: successfully reloaded assembly
- Completed reload, in  0.827 seconds
Platform modules already initialized, skipping
Refreshing native plugins compatible for Editor in 1.00 ms, found 0 plugins.
Preloading 0 native plugins for Editor in 0.00 ms.
Unloading 1511 Unused Serialized files (Serialized files now loaded: 0)
System memory in use before: 112.3 MB.
System memory in use after: 101.2 MB.

Unloading 72 unused Assets to reduce memory usage. Loaded Objects now: 1986.
Total: 9.502100 ms (FindLiveObjects: 0.172300 ms CreateObjectMapping: 0.039600 ms MarkObjects: 1.315800 ms  DeleteObjects: 7.973500 ms)

========================================================================
Received Prepare
Registering precompiled user dll's ...
Registered in 0.006260 seconds.
Begin MonoManager ReloadAssembly
Native extension for WindowsStandalone target not found
Refreshing native plugins compatible for Editor in 0.98 ms, found 0 plugins.
Preloading 0 native plugins for Editor in 0.00 ms.
Mono: successfully reloaded assembly
- Completed reload, in  0.804 seconds
Platform modules already initialized, skipping
Refreshing native plugins compatible for Editor in 1.03 ms, found 0 plugins.
Preloading 0 native plugins for Editor in 0.00 ms.
Unloading 1510 Unused Serialized files (Serialized files now loaded: 0)
System memory in use before: 112.4 MB.
System memory in use after: 101.2 MB.

Unloading 72 unused Assets to reduce memory usage. Loaded Objects now: 1989.
Total: 10.450500 ms (FindLiveObjects: 0.181200 ms CreateObjectMapping: 0.039100 ms MarkObjects: 1.374800 ms  DeleteObjects: 8.854100 ms)

