Using pre-set license
Built from '2020.3/staging' branch; Version is '2020.3.5f1 (8095aa901b9b) revision 8426922'; Using compiler version '192528614'; Build Type 'Release'
OS: 'Windows 10 Pro; OS build 19042.1288; Version 2009; 64bit' Language: 'ko' Physical Memory: 16291 MB
BatchMode: 1, IsHumanControllingUs: 0, StartBugReporterOnCrash: 0, Is64bit: 1, IsPro: 0

 COMMAND LINE ARGUMENTS:
C:\Program Files\Unity\Hub\Editor\2020.3.5f1\Editor\Unity.exe
-adb2
-batchMode
-noUpm
-name
AssetImportWorker0
-projectPath
C:/Users/hhj32/Desktop/RuleMate_Project-08fe59a4580f00b8bf7fb446d23f87f431fb4ae8/Project/RuleMate_Project
-logFile
Logs/AssetImportWorker0.log
-srvPort
3395
Successfully changed project path to: C:/Users/hhj32/Desktop/RuleMate_Project-08fe59a4580f00b8bf7fb446d23f87f431fb4ae8/Project/RuleMate_Project
C:/Users/hhj32/Desktop/RuleMate_Project-08fe59a4580f00b8bf7fb446d23f87f431fb4ae8/Project/RuleMate_Project
Using Asset Import Pipeline V2.
Refreshing native plugins compatible for Editor in 91.65 ms, found 0 plugins.
Preloading 0 native plugins for Editor in 0.00 ms.
Initialize engine version: 2020.3.5f1 (8095aa901b9b)
[Subsystems] Discovering subsystems at path C:/Program Files/Unity/Hub/Editor/2020.3.5f1/Editor/Data/Resources/UnitySubsystems
[Subsystems] Discovering subsystems at path C:/Users/hhj32/Desktop/RuleMate_Project-08fe59a4580f00b8bf7fb446d23f87f431fb4ae8/Project/RuleMate_Project/Assets
GfxDevice: creating device client; threaded=0
Direct3D:
    Version:  Direct3D 11.0 [level 11.1]
    Renderer: NVIDIA GeForce RTX 2060 (ID=0x1f08)
    Vendor:   
    VRAM:     5980 MB
    Driver:   30.0.14.9613
Initialize mono
Mono path[0] = 'C:/Program Files/Unity/Hub/Editor/2020.3.5f1/Editor/Data/Managed'
Mono path[1] = 'C:/Program Files/Unity/Hub/Editor/2020.3.5f1/Editor/Data/MonoBleedingEdge/lib/mono/unityjit'
Mono config path = 'C:/Program Files/Unity/Hub/Editor/2020.3.5f1/Editor/Data/MonoBleedingEdge/etc'
Using monoOptions --debugger-agent=transport=dt_socket,embedding=1,server=y,suspend=n,address=127.0.0.1:56204
Begin MonoManager ReloadAssembly
Registering precompiled unity dll's ...
Register platform support module: C:/Program Files/Unity/Hub/Editor/2020.3.5f1/Editor/Data/PlaybackEngines/WindowsStandaloneSupport/UnityEditor.WindowsStandalone.Extensions.dll
Registered in 0.003239 seconds.
Native extension for WindowsStandalone target not found
Refreshing native plugins compatible for Editor in 95.69 ms, found 0 plugins.
Preloading 0 native plugins for Editor in 0.00 ms.
Mono: successfully reloaded assembly
- Completed reload, in  2.229 seconds
Platform modules already initialized, skipping
Registering precompiled user dll's ...
Registered in 0.005969 seconds.
Begin MonoManager ReloadAssembly
Native extension for WindowsStandalone target not found
Refreshing native plugins compatible for Editor in 1.11 ms, found 0 plugins.
Preloading 0 native plugins for Editor in 0.00 ms.
Mono: successfully reloaded assembly
- Completed reload, in  0.887 seconds
Platform modules already initialized, skipping
========================================================================
Worker process is ready to serve import requests
Launched and connected shader compiler UnityShaderCompiler.exe after 0.06 seconds
Refreshing native plugins compatible for Editor in 1.00 ms, found 0 plugins.
Preloading 0 native plugins for Editor in 0.00 ms.
Unloading 1594 Unused Serialized files (Serialized files now loaded: 0)
System memory in use before: 119.1 MB.
System memory in use after: 107.5 MB.

Unloading 79 unused Assets to reduce memory usage. Loaded Objects now: 1974.
Total: 9.787500 ms (FindLiveObjects: 0.204200 ms CreateObjectMapping: 0.040300 ms MarkObjects: 1.371900 ms  DeleteObjects: 8.170000 ms)

========================================================================
Received Import Request.
  path: Assets/Scenes/Main_Lobby_Room.unity
  artifactKey: Guid(d2fd4d44fae86ba4da639091e8bf1c1f) Importer(815301076,1909f56bfc062723c751e8b465ee728b)
Start importing Assets/Scenes/Main_Lobby_Room.unity using Guid(d2fd4d44fae86ba4da639091e8bf1c1f) Importer(815301076,1909f56bfc062723c751e8b465ee728b)  -> (artifact id: '5c455c8103a5e5c1c7ddf0356306b311') in 0.016387 seconds
  Import took 0.019572 seconds .

========================================================================
Received Import Request.
  Time since last request: 0.000172 seconds.
  path: Assets/Scenes
  artifactKey: Guid(8240f5576fc826546823aa2c72bfc01b) Importer(815301076,1909f56bfc062723c751e8b465ee728b)
Start importing Assets/Scenes using Guid(8240f5576fc826546823aa2c72bfc01b) Importer(815301076,1909f56bfc062723c751e8b465ee728b)  -> (artifact id: '44a52ac28223b7424da6d826ab4a1a32') in 0.007365 seconds
  Import took 0.009829 seconds .

========================================================================
Received Prepare
Registering precompiled user dll's ...
Registered in 0.006659 seconds.
Begin MonoManager ReloadAssembly
Native extension for WindowsStandalone target not found
Refreshing native plugins compatible for Editor in 1.43 ms, found 0 plugins.
Preloading 0 native plugins for Editor in 0.00 ms.
Mono: successfully reloaded assembly
- Completed reload, in  1.190 seconds
Platform modules already initialized, skipping
Refreshing native plugins compatible for Editor in 1.65 ms, found 0 plugins.
Preloading 0 native plugins for Editor in 0.00 ms.
Unloading 1512 Unused Serialized files (Serialized files now loaded: 0)
System memory in use before: 110.8 MB.
System memory in use after: 99.6 MB.

Unloading 73 unused Assets to reduce memory usage. Loaded Objects now: 1978.
Total: 10.380700 ms (FindLiveObjects: 0.234300 ms CreateObjectMapping: 0.042200 ms MarkObjects: 1.413600 ms  DeleteObjects: 8.689200 ms)

========================================================================
Received Import Request.
  Time since last request: 69.953942 seconds.
  path: Assets/Scenes/MainGame.unity
  artifactKey: Guid(4c0b86b8504cb5f408979e8ad8623eb2) Importer(815301076,1909f56bfc062723c751e8b465ee728b)
Start importing Assets/Scenes/MainGame.unity using Guid(4c0b86b8504cb5f408979e8ad8623eb2) Importer(815301076,1909f56bfc062723c751e8b465ee728b)  -> (artifact id: 'c27d812876f34f9c25e3666aa76d37f1') in 0.025074 seconds
  Import took 0.028458 seconds .

========================================================================
Received Import Request.
  Time since last request: 0.482266 seconds.
  path: Assets/Scenes/MainGameTest 1.unity
  artifactKey: Guid(3cfa833b8ae56ac418d6191c10978424) Importer(815301076,1909f56bfc062723c751e8b465ee728b)
Start importing Assets/Scenes/MainGameTest 1.unity using Guid(3cfa833b8ae56ac418d6191c10978424) Importer(815301076,1909f56bfc062723c751e8b465ee728b)  -> (artifact id: '5b14fbd50aeffae469277deef02fc823') in 0.008294 seconds
  Import took 0.011144 seconds .

========================================================================
Received Import Request.
  Time since last request: 0.000330 seconds.
  path: Assets/Scenes/MainGameTest 1.unity
  artifactKey: Guid(3cfa833b8ae56ac418d6191c10978424) Importer(815301076,1909f56bfc062723c751e8b465ee728b)
Start importing Assets/Scenes/MainGameTest 1.unity using Guid(3cfa833b8ae56ac418d6191c10978424) Importer(815301076,1909f56bfc062723c751e8b465ee728b)  -> (artifact id: '5b14fbd50aeffae469277deef02fc823') in 0.003319 seconds
  Import took 0.005877 seconds .

========================================================================
Received Import Request.
  Time since last request: 1.554374 seconds.
  path: Assets/Scenes/MainGameTest.unity
  artifactKey: Guid(2e0528c215a1da342ab82106d2eeb5b9) Importer(815301076,1909f56bfc062723c751e8b465ee728b)
Start importing Assets/Scenes/MainGameTest.unity using Guid(2e0528c215a1da342ab82106d2eeb5b9) Importer(815301076,1909f56bfc062723c751e8b465ee728b)  -> (artifact id: 'fbfca119ed96a45a23acac83a18921c2') in 0.009195 seconds
  Import took 0.012297 seconds .

AssetImportWorkerClient::OnTransportError - code=2 error=End of file
