Using pre-set license
Built from '2020.3/staging' branch; Version is '2020.3.5f1 (8095aa901b9b) revision 8426922'; Using compiler version '192528614'; Build Type 'Release'
OS: 'Windows 10 Pro; OS build 19042.1237; Version 2009; 64bit' Language: 'ko' Physical Memory: 16291 MB
BatchMode: 1, IsHumanControllingUs: 0, StartBugReporterOnCrash: 0, Is64bit: 1, IsPro: 0

 COMMAND LINE ARGUMENTS:
C:\Program Files\Unity\Hub\Editor\2020.3.5f1\Editor\Unity.exe
-adb2
-batchMode
-noUpm
-name
AssetImportWorker0
-projectPath
C:/Users/hhj32/Desktop/Contests_Capston/Git_ContentsIT_Capston_Design/Project/MayBreaker_Project
-logFile
Logs/AssetImportWorker0.log
-srvPort
2986
Successfully changed project path to: C:/Users/hhj32/Desktop/Contests_Capston/Git_ContentsIT_Capston_Design/Project/MayBreaker_Project
C:/Users/hhj32/Desktop/Contests_Capston/Git_ContentsIT_Capston_Design/Project/MayBreaker_Project
Using Asset Import Pipeline V2.
Refreshing native plugins compatible for Editor in 31.06 ms, found 0 plugins.
Preloading 0 native plugins for Editor in 0.00 ms.
Initialize engine version: 2020.3.5f1 (8095aa901b9b)
[Subsystems] Discovering subsystems at path C:/Program Files/Unity/Hub/Editor/2020.3.5f1/Editor/Data/Resources/UnitySubsystems
[Subsystems] Discovering subsystems at path C:/Users/hhj32/Desktop/Contests_Capston/Git_ContentsIT_Capston_Design/Project/MayBreaker_Project/Assets
GfxDevice: creating device client; threaded=0
Direct3D:
    Version:  Direct3D 11.0 [level 11.1]
    Renderer: NVIDIA GeForce RTX 2060 (ID=0x1f08)
    Vendor:   
    VRAM:     5980 MB
    Driver:   30.0.14.7212
Initialize mono
Mono path[0] = 'C:/Program Files/Unity/Hub/Editor/2020.3.5f1/Editor/Data/Managed'
Mono path[1] = 'C:/Program Files/Unity/Hub/Editor/2020.3.5f1/Editor/Data/MonoBleedingEdge/lib/mono/unityjit'
Mono config path = 'C:/Program Files/Unity/Hub/Editor/2020.3.5f1/Editor/Data/MonoBleedingEdge/etc'
Using monoOptions --debugger-agent=transport=dt_socket,embedding=1,server=y,suspend=n,address=127.0.0.1:56168
Begin MonoManager ReloadAssembly
Registering precompiled unity dll's ...
Register platform support module: C:/Program Files/Unity/Hub/Editor/2020.3.5f1/Editor/Data/PlaybackEngines/WindowsStandaloneSupport/UnityEditor.WindowsStandalone.Extensions.dll
Registered in 0.002559 seconds.
Native extension for WindowsStandalone target not found
Refreshing native plugins compatible for Editor in 36.82 ms, found 0 plugins.
Preloading 0 native plugins for Editor in 0.00 ms.
Mono: successfully reloaded assembly
- Completed reload, in  2.121 seconds
Platform modules already initialized, skipping
Registering precompiled user dll's ...
Registered in 0.002539 seconds.
Begin MonoManager ReloadAssembly
Native extension for WindowsStandalone target not found
Refreshing native plugins compatible for Editor in 0.27 ms, found 0 plugins.
Preloading 0 native plugins for Editor in 0.00 ms.
Mono: successfully reloaded assembly
- Completed reload, in  0.888 seconds
Platform modules already initialized, skipping
========================================================================
Worker process is ready to serve import requests
Launched and connected shader compiler UnityShaderCompiler.exe after 0.09 seconds
Refreshing native plugins compatible for Editor in 0.27 ms, found 0 plugins.
Preloading 0 native plugins for Editor in 0.00 ms.
Unloading 1246 Unused Serialized files (Serialized files now loaded: 0)
System memory in use before: 97.5 MB.
System memory in use after: 86.7 MB.

Unloading 71 unused Assets to reduce memory usage. Loaded Objects now: 1632.
Total: 10.635300 ms (FindLiveObjects: 0.261400 ms CreateObjectMapping: 0.042400 ms MarkObjects: 1.789500 ms  DeleteObjects: 8.539200 ms)

========================================================================
Received Import Request.
  path: Assets/Scripts/test.cs
  artifactKey: Guid(c990ff8740617b94ea5ceb9bbd3900dd) Importer(815301076,1909f56bfc062723c751e8b465ee728b)
Start importing Assets/Scripts/test.cs using Guid(c990ff8740617b94ea5ceb9bbd3900dd) Importer(815301076,1909f56bfc062723c751e8b465ee728b)  -> (artifact id: '9e313416245004918ff58f0bc3c5ce67') in 0.029933 seconds
  Import took 0.032250 seconds .

========================================================================
Received Prepare
Registering precompiled user dll's ...
Registered in 0.003443 seconds.
Begin MonoManager ReloadAssembly
Native extension for WindowsStandalone target not found
Refreshing native plugins compatible for Editor in 0.27 ms, found 0 plugins.
Preloading 0 native plugins for Editor in 0.00 ms.
Mono: successfully reloaded assembly
- Completed reload, in  1.005 seconds
Platform modules already initialized, skipping
Refreshing native plugins compatible for Editor in 0.28 ms, found 0 plugins.
Preloading 0 native plugins for Editor in 0.00 ms.
Unloading 1188 Unused Serialized files (Serialized files now loaded: 0)
System memory in use before: 92.1 MB.
System memory in use after: 81.2 MB.

Unloading 66 unused Assets to reduce memory usage. Loaded Objects now: 1635.
Total: 10.566400 ms (FindLiveObjects: 0.282000 ms CreateObjectMapping: 0.043400 ms MarkObjects: 1.513100 ms  DeleteObjects: 8.726400 ms)

========================================================================
Received Prepare
Registering precompiled user dll's ...
Registered in 0.003850 seconds.
Begin MonoManager ReloadAssembly
Native extension for WindowsStandalone target not found
Refreshing native plugins compatible for Editor in 0.34 ms, found 0 plugins.
Preloading 0 native plugins for Editor in 0.00 ms.
Mono: successfully reloaded assembly
- Completed reload, in  0.827 seconds
Platform modules already initialized, skipping
Refreshing native plugins compatible for Editor in 0.26 ms, found 0 plugins.
Preloading 0 native plugins for Editor in 0.00 ms.
Unloading 1188 Unused Serialized files (Serialized files now loaded: 0)
System memory in use before: 91.7 MB.
System memory in use after: 81.2 MB.

Unloading 66 unused Assets to reduce memory usage. Loaded Objects now: 1638.
Total: 9.452900 ms (FindLiveObjects: 0.156300 ms CreateObjectMapping: 0.029600 ms MarkObjects: 1.308200 ms  DeleteObjects: 7.958100 ms)

========================================================================
Received Import Request.
  Time since last request: 15.051160 seconds.
  path: Assets/Scripts/test.cs
  artifactKey: Guid(c990ff8740617b94ea5ceb9bbd3900dd) Importer(815301076,1909f56bfc062723c751e8b465ee728b)
Start importing Assets/Scripts/test.cs using Guid(c990ff8740617b94ea5ceb9bbd3900dd) Importer(815301076,1909f56bfc062723c751e8b465ee728b)  -> (artifact id: '4da53a2b3976f455553641b0bbf98dec') in 0.007861 seconds
  Import took 0.010144 seconds .

========================================================================
Received Import Request.
  Time since last request: 15.088423 seconds.
  path: Assets/Scripts/Player01.cs
  artifactKey: Guid(25d7e6a8a7b85a149a09459ec41ae9a2) Importer(815301076,1909f56bfc062723c751e8b465ee728b)
Start importing Assets/Scripts/Player01.cs using Guid(25d7e6a8a7b85a149a09459ec41ae9a2) Importer(815301076,1909f56bfc062723c751e8b465ee728b)  -> (artifact id: 'e64637e09b8e5af70aca26f6d3ac01b6') in 0.007457 seconds
  Import took 0.009903 seconds .

========================================================================
Received Import Request.
  Time since last request: 0.798044 seconds.
  path: Assets/Scripts/PlayerManager.cs
  artifactKey: Guid(dc3ca3acc7ed4174b878d7acfbe49472) Importer(815301076,1909f56bfc062723c751e8b465ee728b)
Start importing Assets/Scripts/PlayerManager.cs using Guid(dc3ca3acc7ed4174b878d7acfbe49472) Importer(815301076,1909f56bfc062723c751e8b465ee728b)  -> (artifact id: '1c567f784f7499887174e622938c0a3e') in 0.007545 seconds
  Import took 0.009774 seconds .

========================================================================
Received Import Request.
  Time since last request: 0.026982 seconds.
  path: Assets/Scripts/PlayerManager.cs
  artifactKey: Guid(dc3ca3acc7ed4174b878d7acfbe49472) Importer(815301076,1909f56bfc062723c751e8b465ee728b)
Start importing Assets/Scripts/PlayerManager.cs using Guid(dc3ca3acc7ed4174b878d7acfbe49472) Importer(815301076,1909f56bfc062723c751e8b465ee728b)  -> (artifact id: '1c567f784f7499887174e622938c0a3e') in 0.003605 seconds
  Import took 0.005843 seconds .

AssetImportWorkerClient::OnTransportError - code=2 error=End of file
