Using pre-set license
Built from '2020.3/staging' branch; Version is '2020.3.5f1 (8095aa901b9b) revision 8426922'; Using compiler version '192528614'; Build Type 'Release'
OS: 'Windows 10 Pro; OS build 19041.1237; Version 2004; 64bit' Language: 'ko' Physical Memory: 32696 MB
BatchMode: 1, IsHumanControllingUs: 0, StartBugReporterOnCrash: 0, Is64bit: 1, IsPro: 0

 COMMAND LINE ARGUMENTS:
C:\Program Files\Unity\Hub\Editor\2020.3.5f1\Editor\Unity.exe
-adb2
-batchMode
-noUpm
-name
AssetImportWorker0
-projectPath
C:/Users/user/Documents/GitHub/ContentsIT_Capston_Design/Project/MayBreaker_Project
-logFile
Logs/AssetImportWorker0.log
-srvPort
7016
Successfully changed project path to: C:/Users/user/Documents/GitHub/ContentsIT_Capston_Design/Project/MayBreaker_Project
C:/Users/user/Documents/GitHub/ContentsIT_Capston_Design/Project/MayBreaker_Project
Using Asset Import Pipeline V2.
Refreshing native plugins compatible for Editor in 26.73 ms, found 0 plugins.
Preloading 0 native plugins for Editor in 0.00 ms.
Initialize engine version: 2020.3.5f1 (8095aa901b9b)
[Subsystems] Discovering subsystems at path C:/Program Files/Unity/Hub/Editor/2020.3.5f1/Editor/Data/Resources/UnitySubsystems
[Subsystems] Discovering subsystems at path C:/Users/user/Documents/GitHub/ContentsIT_Capston_Design/Project/MayBreaker_Project/Assets
GfxDevice: creating device client; threaded=0
Direct3D:
    Version:  Direct3D 11.0 [level 11.1]
    Renderer: NVIDIA GeForce RTX 2070 (ID=0x1f02)
    Vendor:   
    VRAM:     8031 MB
    Driver:   27.21.14.5751
Initialize mono
Mono path[0] = 'C:/Program Files/Unity/Hub/Editor/2020.3.5f1/Editor/Data/Managed'
Mono path[1] = 'C:/Program Files/Unity/Hub/Editor/2020.3.5f1/Editor/Data/MonoBleedingEdge/lib/mono/unityjit'
Mono config path = 'C:/Program Files/Unity/Hub/Editor/2020.3.5f1/Editor/Data/MonoBleedingEdge/etc'
Using monoOptions --debugger-agent=transport=dt_socket,embedding=1,server=y,suspend=n,address=127.0.0.1:56692
Begin MonoManager ReloadAssembly
Registering precompiled unity dll's ...
Register platform support module: C:/Program Files/Unity/Hub/Editor/2020.3.5f1/Editor/Data/PlaybackEngines/WindowsStandaloneSupport/UnityEditor.WindowsStandalone.Extensions.dll
Registered in 0.001586 seconds.
Native extension for WindowsStandalone target not found
Refreshing native plugins compatible for Editor in 25.26 ms, found 0 plugins.
Preloading 0 native plugins for Editor in 0.00 ms.
Mono: successfully reloaded assembly
- Completed reload, in  0.992 seconds
Platform modules already initialized, skipping
Registering precompiled user dll's ...
Registered in 0.001365 seconds.
Begin MonoManager ReloadAssembly
Native extension for WindowsStandalone target not found
Refreshing native plugins compatible for Editor in 0.27 ms, found 0 plugins.
Preloading 0 native plugins for Editor in 0.00 ms.
Mono: successfully reloaded assembly
- Completed reload, in  0.731 seconds
Platform modules already initialized, skipping
========================================================================
Worker process is ready to serve import requests
Launched and connected shader compiler UnityShaderCompiler.exe after 0.04 seconds
Refreshing native plugins compatible for Editor in 0.47 ms, found 0 plugins.
Preloading 0 native plugins for Editor in 0.00 ms.
Unloading 1248 Unused Serialized files (Serialized files now loaded: 0)
System memory in use before: 97.7 MB.
System memory in use after: 86.8 MB.

Unloading 71 unused Assets to reduce memory usage. Loaded Objects now: 1635.
Total: 9.743200 ms (FindLiveObjects: 0.188600 ms CreateObjectMapping: 0.059100 ms MarkObjects: 1.324400 ms  DeleteObjects: 8.169900 ms)

========================================================================
Received Import Request.
  path: Assets/NewBehaviourScript.cs
  artifactKey: Guid(04c5db933d2b6ae46b98adf7d9406b81) Importer(815301076,1909f56bfc062723c751e8b465ee728b)
Start importing Assets/NewBehaviourScript.cs using Guid(04c5db933d2b6ae46b98adf7d9406b81) Importer(815301076,1909f56bfc062723c751e8b465ee728b)  -> (artifact id: 'cc9982f9ac2ebf0aa696b85d809f5c84') in 0.029924 seconds
  Import took 0.031717 seconds .

========================================================================
Received Prepare
Registering precompiled user dll's ...
Registered in 0.001280 seconds.
Begin MonoManager ReloadAssembly
Native extension for WindowsStandalone target not found
Refreshing native plugins compatible for Editor in 0.23 ms, found 0 plugins.
Preloading 0 native plugins for Editor in 0.00 ms.
Mono: successfully reloaded assembly
- Completed reload, in  0.665 seconds
Platform modules already initialized, skipping
Refreshing native plugins compatible for Editor in 0.26 ms, found 0 plugins.
Preloading 0 native plugins for Editor in 0.00 ms.
Unloading 1190 Unused Serialized files (Serialized files now loaded: 0)
System memory in use before: 92.3 MB.
System memory in use after: 81.3 MB.

Unloading 66 unused Assets to reduce memory usage. Loaded Objects now: 1638.
Total: 11.183300 ms (FindLiveObjects: 0.176900 ms CreateObjectMapping: 0.057300 ms MarkObjects: 1.441500 ms  DeleteObjects: 9.506400 ms)

========================================================================
Received Import Request.
  Time since last request: 109.652085 seconds.
  path: Assets/Scripts/MainCamera_Action.cs
  artifactKey: Guid(a75fc06c5d026e94988d2d5c95d5a949) Importer(815301076,1909f56bfc062723c751e8b465ee728b)
Start importing Assets/Scripts/MainCamera_Action.cs using Guid(a75fc06c5d026e94988d2d5c95d5a949) Importer(815301076,1909f56bfc062723c751e8b465ee728b)  -> (artifact id: '12e5fa9d6c2ff8f2f3992f8de759ab18') in 0.008009 seconds
  Import took 0.010193 seconds .

========================================================================
Received Import Request.
  Time since last request: 0.000753 seconds.
  path: Assets/Scripts/MainCamera_Action.cs
  artifactKey: Guid(a75fc06c5d026e94988d2d5c95d5a949) Importer(815301076,1909f56bfc062723c751e8b465ee728b)
Start importing Assets/Scripts/MainCamera_Action.cs using Guid(a75fc06c5d026e94988d2d5c95d5a949) Importer(815301076,1909f56bfc062723c751e8b465ee728b)  -> (artifact id: '12e5fa9d6c2ff8f2f3992f8de759ab18') in 0.001727 seconds
  Import took 0.003536 seconds .

========================================================================
Received Import Request.
  Time since last request: 1.021902 seconds.
  path: Assets/Scripts/InputManager.cs
  artifactKey: Guid(95931d8d0c715fb428cfb0304ac05f83) Importer(815301076,1909f56bfc062723c751e8b465ee728b)
Start importing Assets/Scripts/InputManager.cs using Guid(95931d8d0c715fb428cfb0304ac05f83) Importer(815301076,1909f56bfc062723c751e8b465ee728b)  -> (artifact id: '18f325e9076c311def4b815f2d07f377') in 0.005862 seconds
  Import took 0.007794 seconds .

========================================================================
Received Import Request.
  Time since last request: 1.453879 seconds.
  path: Assets/Scripts/Player01.cs
  artifactKey: Guid(25d7e6a8a7b85a149a09459ec41ae9a2) Importer(815301076,1909f56bfc062723c751e8b465ee728b)
Start importing Assets/Scripts/Player01.cs using Guid(25d7e6a8a7b85a149a09459ec41ae9a2) Importer(815301076,1909f56bfc062723c751e8b465ee728b)  -> (artifact id: '0bb42669e34e6e6372ad3fce8d24ac56') in 0.006169 seconds
  Import took 0.007869 seconds .

========================================================================
Received Import Request.
  Time since last request: 0.414388 seconds.
  path: Assets/Scripts/PlayerManager.cs
  artifactKey: Guid(dc3ca3acc7ed4174b878d7acfbe49472) Importer(815301076,1909f56bfc062723c751e8b465ee728b)
Start importing Assets/Scripts/PlayerManager.cs using Guid(dc3ca3acc7ed4174b878d7acfbe49472) Importer(815301076,1909f56bfc062723c751e8b465ee728b)  -> (artifact id: 'd6f116cc5ccaccd12ff6f37e4734bbb7') in 0.006639 seconds
  Import took 0.008349 seconds .

========================================================================
Received Import Request.
  Time since last request: 336.676505 seconds.
  path: Assets/Scripts/MainCamera_Action1.cs
  artifactKey: Guid(77bdbb88e00f12d4499a9089ffde2b72) Importer(815301076,1909f56bfc062723c751e8b465ee728b)
Start importing Assets/Scripts/MainCamera_Action1.cs using Guid(77bdbb88e00f12d4499a9089ffde2b72) Importer(815301076,1909f56bfc062723c751e8b465ee728b)  -> (artifact id: '4db6006aea6b16122efe7f5c919ff226') in 0.007835 seconds
  Import took 0.010645 seconds .

========================================================================
Received Import Request.
  Time since last request: 93.453809 seconds.
  path: Assets/Scripts
  artifactKey: Guid(e1b37d6e2c8e6cd4196eb4b29c5f4eba) Importer(815301076,1909f56bfc062723c751e8b465ee728b)
Start importing Assets/Scripts using Guid(e1b37d6e2c8e6cd4196eb4b29c5f4eba) Importer(815301076,1909f56bfc062723c751e8b465ee728b)  -> (artifact id: '77484ce84c20e328bc9a48e80d2a825f') in 0.007790 seconds
  Import took 0.010142 seconds .

========================================================================
Received Prepare
Registering precompiled user dll's ...
Registered in 0.001224 seconds.
Begin MonoManager ReloadAssembly
Native extension for WindowsStandalone target not found
Refreshing native plugins compatible for Editor in 0.24 ms, found 0 plugins.
Preloading 0 native plugins for Editor in 0.00 ms.
Mono: successfully reloaded assembly
- Completed reload, in  0.649 seconds
Platform modules already initialized, skipping
Refreshing native plugins compatible for Editor in 0.22 ms, found 0 plugins.
Preloading 0 native plugins for Editor in 0.00 ms.
Unloading 1190 Unused Serialized files (Serialized files now loaded: 0)
System memory in use before: 92.5 MB.
System memory in use after: 81.3 MB.

Unloading 66 unused Assets to reduce memory usage. Loaded Objects now: 1641.
Total: 9.959500 ms (FindLiveObjects: 0.155700 ms CreateObjectMapping: 0.047000 ms MarkObjects: 1.161800 ms  DeleteObjects: 8.593900 ms)

========================================================================
Received Prepare
Registering precompiled user dll's ...
Registered in 0.001251 seconds.
Begin MonoManager ReloadAssembly
Native extension for WindowsStandalone target not found
Refreshing native plugins compatible for Editor in 0.23 ms, found 0 plugins.
Preloading 0 native plugins for Editor in 0.00 ms.
Mono: successfully reloaded assembly
- Completed reload, in  0.647 seconds
Platform modules already initialized, skipping
Refreshing native plugins compatible for Editor in 0.24 ms, found 0 plugins.
Preloading 0 native plugins for Editor in 0.00 ms.
Unloading 1190 Unused Serialized files (Serialized files now loaded: 0)
System memory in use before: 92.3 MB.
System memory in use after: 81.3 MB.

Unloading 66 unused Assets to reduce memory usage. Loaded Objects now: 1644.
Total: 10.935100 ms (FindLiveObjects: 0.226300 ms CreateObjectMapping: 0.059600 ms MarkObjects: 1.219300 ms  DeleteObjects: 9.428300 ms)

========================================================================
Received Import Request.
  Time since last request: 139.472850 seconds.
  path: Assets/Scripts/MainCamera_Action.cs
  artifactKey: Guid(a75fc06c5d026e94988d2d5c95d5a949) Importer(815301076,1909f56bfc062723c751e8b465ee728b)
Start importing Assets/Scripts/MainCamera_Action.cs using Guid(a75fc06c5d026e94988d2d5c95d5a949) Importer(815301076,1909f56bfc062723c751e8b465ee728b)  -> (artifact id: 'e603ed8e0508e13ce0cf44e361f07e74') in 0.003861 seconds
  Import took 0.005625 seconds .

========================================================================
Received Import Request.
  Time since last request: 10.710966 seconds.
  path: Assets/Scripts/MainCamera.cs
  artifactKey: Guid(8ecc50c5bae2af04cb7cbf57850db96f) Importer(815301076,1909f56bfc062723c751e8b465ee728b)
Start importing Assets/Scripts/MainCamera.cs using Guid(8ecc50c5bae2af04cb7cbf57850db96f) Importer(815301076,1909f56bfc062723c751e8b465ee728b)  -> (artifact id: '0521f64cf4ef783de6a96964fc358c95') in 0.007377 seconds
  Import took 0.009452 seconds .

========================================================================
Received Prepare
Registering precompiled user dll's ...
Registered in 0.001290 seconds.
Begin MonoManager ReloadAssembly
Native extension for WindowsStandalone target not found
Refreshing native plugins compatible for Editor in 0.26 ms, found 0 plugins.
Preloading 0 native plugins for Editor in 0.00 ms.
Mono: successfully reloaded assembly
- Completed reload, in  0.686 seconds
Platform modules already initialized, skipping
Refreshing native plugins compatible for Editor in 0.24 ms, found 0 plugins.
Preloading 0 native plugins for Editor in 0.00 ms.
Unloading 1191 Unused Serialized files (Serialized files now loaded: 0)
System memory in use before: 92.3 MB.
System memory in use after: 81.4 MB.

Unloading 66 unused Assets to reduce memory usage. Loaded Objects now: 1648.
Total: 10.413400 ms (FindLiveObjects: 0.163500 ms CreateObjectMapping: 0.038400 ms MarkObjects: 1.199600 ms  DeleteObjects: 9.010900 ms)

========================================================================
Received Prepare
Registering precompiled user dll's ...
Registered in 0.001347 seconds.
Begin MonoManager ReloadAssembly
Native extension for WindowsStandalone target not found
Refreshing native plugins compatible for Editor in 0.23 ms, found 0 plugins.
Preloading 0 native plugins for Editor in 0.00 ms.
Mono: successfully reloaded assembly
- Completed reload, in  0.661 seconds
Platform modules already initialized, skipping
Refreshing native plugins compatible for Editor in 0.25 ms, found 0 plugins.
Preloading 0 native plugins for Editor in 0.00 ms.
Unloading 1191 Unused Serialized files (Serialized files now loaded: 0)
System memory in use before: 92.3 MB.
System memory in use after: 81.4 MB.

Unloading 66 unused Assets to reduce memory usage. Loaded Objects now: 1651.
Total: 11.184500 ms (FindLiveObjects: 0.176200 ms CreateObjectMapping: 0.056400 ms MarkObjects: 1.265500 ms  DeleteObjects: 9.685400 ms)

========================================================================
Received Import Request.
  Time since last request: 58.559771 seconds.
  path: Assets/Scripts/MainCamera.cs
  artifactKey: Guid(8ecc50c5bae2af04cb7cbf57850db96f) Importer(815301076,1909f56bfc062723c751e8b465ee728b)
Start importing Assets/Scripts/MainCamera.cs using Guid(8ecc50c5bae2af04cb7cbf57850db96f) Importer(815301076,1909f56bfc062723c751e8b465ee728b)  -> (artifact id: '8e2889ffb25d3123d7a6cb7fadefe52b') in 0.003801 seconds
  Import took 0.005558 seconds .

========================================================================
Received Prepare
Registering precompiled user dll's ...
Registered in 0.001372 seconds.
Begin MonoManager ReloadAssembly
Native extension for WindowsStandalone target not found
Refreshing native plugins compatible for Editor in 0.24 ms, found 0 plugins.
Preloading 0 native plugins for Editor in 0.00 ms.
Mono: successfully reloaded assembly
- Completed reload, in  0.630 seconds
Platform modules already initialized, skipping
Refreshing native plugins compatible for Editor in 0.23 ms, found 0 plugins.
Preloading 0 native plugins for Editor in 0.00 ms.
Unloading 1191 Unused Serialized files (Serialized files now loaded: 0)
System memory in use before: 92.4 MB.
System memory in use after: 81.4 MB.

Unloading 66 unused Assets to reduce memory usage. Loaded Objects now: 1654.
Total: 10.526200 ms (FindLiveObjects: 0.140800 ms CreateObjectMapping: 0.045900 ms MarkObjects: 1.151800 ms  DeleteObjects: 9.186200 ms)

========================================================================
Received Prepare
Registering precompiled user dll's ...
Registered in 0.001388 seconds.
Begin MonoManager ReloadAssembly
Native extension for WindowsStandalone target not found
Refreshing native plugins compatible for Editor in 0.25 ms, found 0 plugins.
Preloading 0 native plugins for Editor in 0.00 ms.
Mono: successfully reloaded assembly
- Completed reload, in  0.681 seconds
Platform modules already initialized, skipping
Refreshing native plugins compatible for Editor in 0.24 ms, found 0 plugins.
Preloading 0 native plugins for Editor in 0.00 ms.
Unloading 1190 Unused Serialized files (Serialized files now loaded: 0)
System memory in use before: 92.4 MB.
System memory in use after: 81.4 MB.

Unloading 67 unused Assets to reduce memory usage. Loaded Objects now: 1656.
Total: 12.194900 ms (FindLiveObjects: 0.222800 ms CreateObjectMapping: 0.076200 ms MarkObjects: 1.315800 ms  DeleteObjects: 10.578900 ms)

========================================================================
Received Import Request.
  Time since last request: 321.628225 seconds.
  path: Assets/test.cs
  artifactKey: Guid(857f561ccc3e7944190b1c04523485e6) Importer(815301076,1909f56bfc062723c751e8b465ee728b)
Start importing Assets/test.cs using Guid(857f561ccc3e7944190b1c04523485e6) Importer(815301076,1909f56bfc062723c751e8b465ee728b)  -> (artifact id: '5cbab2f8de0940571388e36fb29ec408') in 0.007785 seconds
  Import took 0.009647 seconds .

========================================================================
Received Prepare
Registering precompiled user dll's ...
Registered in 0.001317 seconds.
Begin MonoManager ReloadAssembly
Native extension for WindowsStandalone target not found
Refreshing native plugins compatible for Editor in 0.23 ms, found 0 plugins.
Preloading 0 native plugins for Editor in 0.00 ms.
Mono: successfully reloaded assembly
- Completed reload, in  0.674 seconds
Platform modules already initialized, skipping
Refreshing native plugins compatible for Editor in 0.27 ms, found 0 plugins.
Preloading 0 native plugins for Editor in 0.00 ms.
Unloading 1189 Unused Serialized files (Serialized files now loaded: 0)
System memory in use before: 92.4 MB.
System memory in use after: 81.4 MB.

Unloading 67 unused Assets to reduce memory usage. Loaded Objects now: 1658.
Total: 11.206700 ms (FindLiveObjects: 0.163600 ms CreateObjectMapping: 0.050800 ms MarkObjects: 1.137500 ms  DeleteObjects: 9.853700 ms)

========================================================================
Received Prepare
Registering precompiled user dll's ...
Registered in 0.001313 seconds.
Begin MonoManager ReloadAssembly
Native extension for WindowsStandalone target not found
Refreshing native plugins compatible for Editor in 0.23 ms, found 0 plugins.
Preloading 0 native plugins for Editor in 0.00 ms.
Mono: successfully reloaded assembly
- Completed reload, in  0.647 seconds
Platform modules already initialized, skipping
Refreshing native plugins compatible for Editor in 0.26 ms, found 0 plugins.
Preloading 0 native plugins for Editor in 0.00 ms.
Unloading 1189 Unused Serialized files (Serialized files now loaded: 0)
System memory in use before: 92.4 MB.
System memory in use after: 81.4 MB.

Unloading 66 unused Assets to reduce memory usage. Loaded Objects now: 1661.
Total: 11.757500 ms (FindLiveObjects: 0.244700 ms CreateObjectMapping: 0.067900 ms MarkObjects: 1.175300 ms  DeleteObjects: 10.267300 ms)

AssetImportWorkerClient::OnTransportError - code=2 error=End of file
